[0.013s] Invoking command in '/home/agathe/Documents/york/fall2025/robotics/project_ros_ws/ydlidar_ros2_ws/build/cartographer_ros': CMAKE_PREFIX_PATH=/home/agathe/Documents/york/fall2025/robotics/project_ros_ws/ydlidar_ros2_ws/install/cartographer_ros_msgs:/home/agathe/Documents/york/fall2025/robotics/project_ros_ws/ydlidar_ros2_ws/install/cartographer_rviz:/home/agathe/Documents/york/fall2025/robotics/project_ros_ws/ydlidar_ros2_ws/install/cartographer_ros:/home/agathe/Documents/york/fall2025/robotics/project_ros_ws/ydlidar_ros2_ws/install/ydlidar_ros2_driver:/home/agathe/Documents/york/fall2025/robotics/project_ros_ws/ydlidar_ros2_ws/install/slam:/home/agathe/Documents/york/fall2025/robotics/project_ros_ws/ydlidar_ros2_ws/install/simulation:/opt/ros/humble LD_LIBRARY_PATH=/home/agathe/Documents/york/fall2025/robotics/project_ros_ws/ydlidar_ros2_ws/install/cartographer_ros_msgs/lib:/home/agathe/Documents/york/fall2025/robotics/project_ros_ws/ydlidar_ros2_ws/install/cartographer_rviz/lib:/home/agathe/Documents/york/fall2025/robotics/project_ros_ws/ydlidar_ros2_ws/install/cartographer_ros/lib:/usr/lib/x86_64-linux-gnu/gazebo-11/plugins:/opt/ros/humble/opt/rviz_ogre_vendor/lib:/opt/ros/humble/lib/x86_64-linux-gnu:/opt/ros/humble/lib /usr/bin/cmake --build /home/agathe/Documents/york/fall2025/robotics/project_ros_ws/ydlidar_ros2_ws/build/cartographer_ros -- -j8 -l8
[0.114s] [ 60%] Built target cartographer_ros
[0.163s] [ 65%] Built target cartographer_assets_writer
[0.163s] [ 71%] Built target cartographer_offline_node
[0.171s] [ 77%] Built target cartographer_pbstream_to_ros_map
[0.174s] [ 82%] Built target cartographer_pbstream_map_publisher
[0.175s] [ 88%] Built target cartographer_occupancy_grid_node
[0.176s] [ 94%] Built target cartographer_node
[0.178s] [100%] Built target cartographer_rosbag_validate
[0.191s] Invoked command in '/home/agathe/Documents/york/fall2025/robotics/project_ros_ws/ydlidar_ros2_ws/build/cartographer_ros' returned '0': CMAKE_PREFIX_PATH=/home/agathe/Documents/york/fall2025/robotics/project_ros_ws/ydlidar_ros2_ws/install/cartographer_ros_msgs:/home/agathe/Documents/york/fall2025/robotics/project_ros_ws/ydlidar_ros2_ws/install/cartographer_rviz:/home/agathe/Documents/york/fall2025/robotics/project_ros_ws/ydlidar_ros2_ws/install/cartographer_ros:/home/agathe/Documents/york/fall2025/robotics/project_ros_ws/ydlidar_ros2_ws/install/ydlidar_ros2_driver:/home/agathe/Documents/york/fall2025/robotics/project_ros_ws/ydlidar_ros2_ws/install/slam:/home/agathe/Documents/york/fall2025/robotics/project_ros_ws/ydlidar_ros2_ws/install/simulation:/opt/ros/humble LD_LIBRARY_PATH=/home/agathe/Documents/york/fall2025/robotics/project_ros_ws/ydlidar_ros2_ws/install/cartographer_ros_msgs/lib:/home/agathe/Documents/york/fall2025/robotics/project_ros_ws/ydlidar_ros2_ws/install/cartographer_rviz/lib:/home/agathe/Documents/york/fall2025/robotics/project_ros_ws/ydlidar_ros2_ws/install/cartographer_ros/lib:/usr/lib/x86_64-linux-gnu/gazebo-11/plugins:/opt/ros/humble/opt/rviz_ogre_vendor/lib:/opt/ros/humble/lib/x86_64-linux-gnu:/opt/ros/humble/lib /usr/bin/cmake --build /home/agathe/Documents/york/fall2025/robotics/project_ros_ws/ydlidar_ros2_ws/build/cartographer_ros -- -j8 -l8
[0.192s] Invoking command in '/home/agathe/Documents/york/fall2025/robotics/project_ros_ws/ydlidar_ros2_ws/build/cartographer_ros': CMAKE_PREFIX_PATH=/home/agathe/Documents/york/fall2025/robotics/project_ros_ws/ydlidar_ros2_ws/install/cartographer_ros_msgs:/home/agathe/Documents/york/fall2025/robotics/project_ros_ws/ydlidar_ros2_ws/install/cartographer_rviz:/home/agathe/Documents/york/fall2025/robotics/project_ros_ws/ydlidar_ros2_ws/install/cartographer_ros:/home/agathe/Documents/york/fall2025/robotics/project_ros_ws/ydlidar_ros2_ws/install/ydlidar_ros2_driver:/home/agathe/Documents/york/fall2025/robotics/project_ros_ws/ydlidar_ros2_ws/install/slam:/home/agathe/Documents/york/fall2025/robotics/project_ros_ws/ydlidar_ros2_ws/install/simulation:/opt/ros/humble LD_LIBRARY_PATH=/home/agathe/Documents/york/fall2025/robotics/project_ros_ws/ydlidar_ros2_ws/install/cartographer_ros_msgs/lib:/home/agathe/Documents/york/fall2025/robotics/project_ros_ws/ydlidar_ros2_ws/install/cartographer_rviz/lib:/home/agathe/Documents/york/fall2025/robotics/project_ros_ws/ydlidar_ros2_ws/install/cartographer_ros/lib:/usr/lib/x86_64-linux-gnu/gazebo-11/plugins:/opt/ros/humble/opt/rviz_ogre_vendor/lib:/opt/ros/humble/lib/x86_64-linux-gnu:/opt/ros/humble/lib /usr/bin/cmake --install /home/agathe/Documents/york/fall2025/robotics/project_ros_ws/ydlidar_ros2_ws/build/cartographer_ros
[0.200s] -- Install configuration: ""
[0.200s] -- Execute custom install script
[0.201s] -- Up-to-date symlink: /home/agathe/Documents/york/fall2025/robotics/project_ros_ws/ydlidar_ros2_ws/install/cartographer_ros/lib/cartographer_ros/cartographer_node
[0.201s] -- Up-to-date symlink: /home/agathe/Documents/york/fall2025/robotics/project_ros_ws/ydlidar_ros2_ws/install/cartographer_ros/lib/cartographer_ros/cartographer_occupancy_grid_node
[0.203s] -- Up-to-date symlink: /home/agathe/Documents/york/fall2025/robotics/project_ros_ws/ydlidar_ros2_ws/install/cartographer_ros/lib/cartographer_ros/cartographer_offline_node
[0.203s] -- Up-to-date symlink: /home/agathe/Documents/york/fall2025/robotics/project_ros_ws/ydlidar_ros2_ws/install/cartographer_ros/lib/cartographer_ros/cartographer_assets_writer
[0.203s] -- Up-to-date symlink: /home/agathe/Documents/york/fall2025/robotics/project_ros_ws/ydlidar_ros2_ws/install/cartographer_ros/lib/cartographer_ros/cartographer_pbstream_map_publisher
[0.203s] -- Up-to-date symlink: /home/agathe/Documents/york/fall2025/robotics/project_ros_ws/ydlidar_ros2_ws/install/cartographer_ros/lib/cartographer_ros/cartographer_pbstream_to_ros_map
[0.203s] -- Up-to-date symlink: /home/agathe/Documents/york/fall2025/robotics/project_ros_ws/ydlidar_ros2_ws/install/cartographer_ros/lib/cartographer_ros/cartographer_rosbag_validate
[0.203s] -- Up-to-date symlink: /home/agathe/Documents/york/fall2025/robotics/project_ros_ws/ydlidar_ros2_ws/install/cartographer_ros/include/cartographer_ros/cartographer_ros/assets_writer.h
[0.203s] -- Up-to-date symlink: /home/agathe/Documents/york/fall2025/robotics/project_ros_ws/ydlidar_ros2_ws/install/cartographer_ros/include/cartographer_ros/cartographer_ros/map_builder_bridge.h
[0.203s] -- Up-to-date symlink: /home/agathe/Documents/york/fall2025/robotics/project_ros_ws/ydlidar_ros2_ws/install/cartographer_ros/include/cartographer_ros/cartographer_ros/metrics/family_factory.h
[0.204s] -- Up-to-date symlink: /home/agathe/Documents/york/fall2025/robotics/project_ros_ws/ydlidar_ros2_ws/install/cartographer_ros/include/cartographer_ros/cartographer_ros/metrics/internal/counter.h
[0.204s] -- Up-to-date symlink: /home/agathe/Documents/york/fall2025/robotics/project_ros_ws/ydlidar_ros2_ws/install/cartographer_ros/include/cartographer_ros/cartographer_ros/metrics/internal/family.h
[0.204s] -- Up-to-date symlink: /home/agathe/Documents/york/fall2025/robotics/project_ros_ws/ydlidar_ros2_ws/install/cartographer_ros/include/cartographer_ros/cartographer_ros/metrics/internal/gauge.h
[0.204s] -- Up-to-date symlink: /home/agathe/Documents/york/fall2025/robotics/project_ros_ws/ydlidar_ros2_ws/install/cartographer_ros/include/cartographer_ros/cartographer_ros/metrics/internal/histogram.h
[0.204s] -- Up-to-date symlink: /home/agathe/Documents/york/fall2025/robotics/project_ros_ws/ydlidar_ros2_ws/install/cartographer_ros/include/cartographer_ros/cartographer_ros/msg_conversion.h
[0.204s] -- Up-to-date symlink: /home/agathe/Documents/york/fall2025/robotics/project_ros_ws/ydlidar_ros2_ws/install/cartographer_ros/include/cartographer_ros/cartographer_ros/node.h
[0.204s] -- Up-to-date symlink: /home/agathe/Documents/york/fall2025/robotics/project_ros_ws/ydlidar_ros2_ws/install/cartographer_ros/include/cartographer_ros/cartographer_ros/node_constants.h
[0.204s] -- Up-to-date symlink: /home/agathe/Documents/york/fall2025/robotics/project_ros_ws/ydlidar_ros2_ws/install/cartographer_ros/include/cartographer_ros/cartographer_ros/node_options.h
[0.204s] -- Up-to-date symlink: /home/agathe/Documents/york/fall2025/robotics/project_ros_ws/ydlidar_ros2_ws/install/cartographer_ros/include/cartographer_ros/cartographer_ros/offline_node.h
[0.205s] -- Up-to-date symlink: /home/agathe/Documents/york/fall2025/robotics/project_ros_ws/ydlidar_ros2_ws/install/cartographer_ros/include/cartographer_ros/cartographer_ros/playable_bag.h
[0.205s] -- Up-to-date symlink: /home/agathe/Documents/york/fall2025/robotics/project_ros_ws/ydlidar_ros2_ws/install/cartographer_ros/include/cartographer_ros/cartographer_ros/ros_log_sink.h
[0.205s] -- Up-to-date symlink: /home/agathe/Documents/york/fall2025/robotics/project_ros_ws/ydlidar_ros2_ws/install/cartographer_ros/include/cartographer_ros/cartographer_ros/ros_map.h
[0.205s] -- Up-to-date symlink: /home/agathe/Documents/york/fall2025/robotics/project_ros_ws/ydlidar_ros2_ws/install/cartographer_ros/include/cartographer_ros/cartographer_ros/ros_map_writing_points_processor.h
[0.205s] -- Up-to-date symlink: /home/agathe/Documents/york/fall2025/robotics/project_ros_ws/ydlidar_ros2_ws/install/cartographer_ros/include/cartographer_ros/cartographer_ros/sensor_bridge.h
[0.205s] -- Up-to-date symlink: /home/agathe/Documents/york/fall2025/robotics/project_ros_ws/ydlidar_ros2_ws/install/cartographer_ros/include/cartographer_ros/cartographer_ros/submap.h
[0.205s] -- Up-to-date symlink: /home/agathe/Documents/york/fall2025/robotics/project_ros_ws/ydlidar_ros2_ws/install/cartographer_ros/include/cartographer_ros/cartographer_ros/tf_bridge.h
[0.205s] -- Up-to-date symlink: /home/agathe/Documents/york/fall2025/robotics/project_ros_ws/ydlidar_ros2_ws/install/cartographer_ros/include/cartographer_ros/cartographer_ros/time_conversion.h
[0.206s] -- Up-to-date symlink: /home/agathe/Documents/york/fall2025/robotics/project_ros_ws/ydlidar_ros2_ws/install/cartographer_ros/include/cartographer_ros/cartographer_ros/trajectory_options.h
[0.206s] -- Up-to-date symlink: /home/agathe/Documents/york/fall2025/robotics/project_ros_ws/ydlidar_ros2_ws/install/cartographer_ros/include/cartographer_ros/cartographer_ros/urdf_reader.h
[0.206s] -- Up-to-date symlink: /home/agathe/Documents/york/fall2025/robotics/project_ros_ws/ydlidar_ros2_ws/install/cartographer_ros/share/cartographer_ros//configuration_files/assets_writer_backpack_2d.lua
[0.206s] -- Up-to-date symlink: /home/agathe/Documents/york/fall2025/robotics/project_ros_ws/ydlidar_ros2_ws/install/cartographer_ros/share/cartographer_ros//configuration_files/assets_writer_backpack_2d_ci.lua
[0.206s] -- Up-to-date symlink: /home/agathe/Documents/york/fall2025/robotics/project_ros_ws/ydlidar_ros2_ws/install/cartographer_ros/share/cartographer_ros//configuration_files/assets_writer_backpack_3d.lua
[0.206s] -- Up-to-date symlink: /home/agathe/Documents/york/fall2025/robotics/project_ros_ws/ydlidar_ros2_ws/install/cartographer_ros/share/cartographer_ros//configuration_files/assets_writer_ros_map.lua
[0.206s] -- Up-to-date symlink: /home/agathe/Documents/york/fall2025/robotics/project_ros_ws/ydlidar_ros2_ws/install/cartographer_ros/share/cartographer_ros//configuration_files/backpack_2d.lua
[0.206s] -- Up-to-date symlink: /home/agathe/Documents/york/fall2025/robotics/project_ros_ws/ydlidar_ros2_ws/install/cartographer_ros/share/cartographer_ros//configuration_files/backpack_2d_localization.lua
[0.206s] -- Up-to-date symlink: /home/agathe/Documents/york/fall2025/robotics/project_ros_ws/ydlidar_ros2_ws/install/cartographer_ros/share/cartographer_ros//configuration_files/backpack_2d_localization_evaluation.lua
[0.207s] -- Up-to-date symlink: /home/agathe/Documents/york/fall2025/robotics/project_ros_ws/ydlidar_ros2_ws/install/cartographer_ros/share/cartographer_ros//configuration_files/backpack_2d_server.lua
[0.207s] -- Up-to-date symlink: /home/agathe/Documents/york/fall2025/robotics/project_ros_ws/ydlidar_ros2_ws/install/cartographer_ros/share/cartographer_ros//configuration_files/backpack_3d (copy).lua
[0.207s] -- Up-to-date symlink: /home/agathe/Documents/york/fall2025/robotics/project_ros_ws/ydlidar_ros2_ws/install/cartographer_ros/share/cartographer_ros//configuration_files/backpack_3d.lua
[0.207s] -- Up-to-date symlink: /home/agathe/Documents/york/fall2025/robotics/project_ros_ws/ydlidar_ros2_ws/install/cartographer_ros/share/cartographer_ros//configuration_files/backpack_3d_localization.lua
[0.207s] -- Up-to-date symlink: /home/agathe/Documents/york/fall2025/robotics/project_ros_ws/ydlidar_ros2_ws/install/cartographer_ros/share/cartographer_ros//configuration_files/demo_2d.rviz
[0.207s] -- Up-to-date symlink: /home/agathe/Documents/york/fall2025/robotics/project_ros_ws/ydlidar_ros2_ws/install/cartographer_ros/share/cartographer_ros//configuration_files/demo_3d.rviz
[0.207s] -- Up-to-date symlink: /home/agathe/Documents/york/fall2025/robotics/project_ros_ws/ydlidar_ros2_ws/install/cartographer_ros/share/cartographer_ros//configuration_files/mir-100-mapping.lua
[0.207s] -- Up-to-date symlink: /home/agathe/Documents/york/fall2025/robotics/project_ros_ws/ydlidar_ros2_ws/install/cartographer_ros/share/cartographer_ros//configuration_files/pr2.lua
[0.207s] -- Up-to-date symlink: /home/agathe/Documents/york/fall2025/robotics/project_ros_ws/ydlidar_ros2_ws/install/cartographer_ros/share/cartographer_ros//configuration_files/revo_lds.lua
[0.208s] -- Up-to-date symlink: /home/agathe/Documents/york/fall2025/robotics/project_ros_ws/ydlidar_ros2_ws/install/cartographer_ros/share/cartographer_ros//configuration_files/taurob_tracker.lua
[0.208s] -- Up-to-date symlink: /home/agathe/Documents/york/fall2025/robotics/project_ros_ws/ydlidar_ros2_ws/install/cartographer_ros/share/cartographer_ros//configuration_files/transform.lua
[0.208s] -- Up-to-date symlink: /home/agathe/Documents/york/fall2025/robotics/project_ros_ws/ydlidar_ros2_ws/install/cartographer_ros/share/cartographer_ros//configuration_files/two_lidars.lua
[0.208s] -- Up-to-date symlink: /home/agathe/Documents/york/fall2025/robotics/project_ros_ws/ydlidar_ros2_ws/install/cartographer_ros/share/cartographer_ros//configuration_files/visualize_pbstream.lua
[0.208s] -- Up-to-date symlink: /home/agathe/Documents/york/fall2025/robotics/project_ros_ws/ydlidar_ros2_ws/install/cartographer_ros/share/cartographer_ros//urdf/backpack_2d.urdf
[0.208s] -- Up-to-date symlink: /home/agathe/Documents/york/fall2025/robotics/project_ros_ws/ydlidar_ros2_ws/install/cartographer_ros/share/cartographer_ros//urdf/backpack_3d.urdf
[0.208s] -- Up-to-date symlink: /home/agathe/Documents/york/fall2025/robotics/project_ros_ws/ydlidar_ros2_ws/install/cartographer_ros/share/cartographer_ros//urdf/mir-100.urdf
[0.208s] -- Up-to-date symlink: /home/agathe/Documents/york/fall2025/robotics/project_ros_ws/ydlidar_ros2_ws/install/cartographer_ros/share/cartographer_ros//launch/assets_writer_backpack_2d.launch.py
[0.209s] -- Up-to-date symlink: /home/agathe/Documents/york/fall2025/robotics/project_ros_ws/ydlidar_ros2_ws/install/cartographer_ros/share/cartographer_ros//launch/assets_writer_backpack_3d.launch.py
[0.209s] -- Up-to-date symlink: /home/agathe/Documents/york/fall2025/robotics/project_ros_ws/ydlidar_ros2_ws/install/cartographer_ros/share/cartographer_ros//launch/assets_writer_ros_map.launch.py
[0.209s] -- Up-to-date symlink: /home/agathe/Documents/york/fall2025/robotics/project_ros_ws/ydlidar_ros2_ws/install/cartographer_ros/share/cartographer_ros//launch/backpack_2d.launch.py
[0.209s] -- Up-to-date symlink: /home/agathe/Documents/york/fall2025/robotics/project_ros_ws/ydlidar_ros2_ws/install/cartographer_ros/share/cartographer_ros//launch/backpack_3d.launch (copy).py
[0.209s] -- Up-to-date symlink: /home/agathe/Documents/york/fall2025/robotics/project_ros_ws/ydlidar_ros2_ws/install/cartographer_ros/share/cartographer_ros//launch/backpack_3d.launch.py
[0.209s] -- Up-to-date symlink: /home/agathe/Documents/york/fall2025/robotics/project_ros_ws/ydlidar_ros2_ws/install/cartographer_ros/share/cartographer_ros//launch/demo_backpack_2d.launch.py
[0.209s] -- Up-to-date symlink: /home/agathe/Documents/york/fall2025/robotics/project_ros_ws/ydlidar_ros2_ws/install/cartographer_ros/share/cartographer_ros//launch/demo_backpack_2d_localization.launch.py
[0.209s] -- Up-to-date symlink: /home/agathe/Documents/york/fall2025/robotics/project_ros_ws/ydlidar_ros2_ws/install/cartographer_ros/share/cartographer_ros//launch/demo_backpack_3d.launch (copy).py
[0.209s] -- Up-to-date symlink: /home/agathe/Documents/york/fall2025/robotics/project_ros_ws/ydlidar_ros2_ws/install/cartographer_ros/share/cartographer_ros//launch/demo_backpack_3d.launch.py
[0.210s] -- Up-to-date symlink: /home/agathe/Documents/york/fall2025/robotics/project_ros_ws/ydlidar_ros2_ws/install/cartographer_ros/share/cartographer_ros//launch/demo_backpack_3d_localization.launch.py
[0.210s] -- Up-to-date symlink: /home/agathe/Documents/york/fall2025/robotics/project_ros_ws/ydlidar_ros2_ws/install/cartographer_ros/share/cartographer_ros//launch/demo_pr2.launch
[0.210s] -- Up-to-date symlink: /home/agathe/Documents/york/fall2025/robotics/project_ros_ws/ydlidar_ros2_ws/install/cartographer_ros/share/cartographer_ros//launch/demo_revo_lds.launch.py
[0.210s] -- Up-to-date symlink: /home/agathe/Documents/york/fall2025/robotics/project_ros_ws/ydlidar_ros2_ws/install/cartographer_ros/share/cartographer_ros//launch/demo_taurob_tracker.launch.py
[0.210s] -- Up-to-date symlink: /home/agathe/Documents/york/fall2025/robotics/project_ros_ws/ydlidar_ros2_ws/install/cartographer_ros/share/cartographer_ros//launch/grpc_demo_backpack_2d.launch
[0.210s] -- Up-to-date symlink: /home/agathe/Documents/york/fall2025/robotics/project_ros_ws/ydlidar_ros2_ws/install/cartographer_ros/share/cartographer_ros//launch/grpc_demo_backpack_2d_localization.launch
[0.210s] -- Up-to-date symlink: /home/agathe/Documents/york/fall2025/robotics/project_ros_ws/ydlidar_ros2_ws/install/cartographer_ros/share/cartographer_ros//launch/offline_backpack_2d.launch.py
[0.210s] -- Up-to-date symlink: /home/agathe/Documents/york/fall2025/robotics/project_ros_ws/ydlidar_ros2_ws/install/cartographer_ros/share/cartographer_ros//launch/offline_backpack_3d.launch.py
[0.210s] -- Up-to-date symlink: /home/agathe/Documents/york/fall2025/robotics/project_ros_ws/ydlidar_ros2_ws/install/cartographer_ros/share/cartographer_ros//launch/offline_mir_100_rviz.launch.py
[0.211s] -- Up-to-date symlink: /home/agathe/Documents/york/fall2025/robotics/project_ros_ws/ydlidar_ros2_ws/install/cartographer_ros/share/cartographer_ros//launch/offline_node.launch.py
[0.211s] -- Up-to-date symlink: /home/agathe/Documents/york/fall2025/robotics/project_ros_ws/ydlidar_ros2_ws/install/cartographer_ros/share/cartographer_ros//launch/taurob_tracker.launch.py
[0.211s] -- Up-to-date symlink: /home/agathe/Documents/york/fall2025/robotics/project_ros_ws/ydlidar_ros2_ws/install/cartographer_ros/share/cartographer_ros//launch/two_lidar.launch.py
[0.211s] -- Up-to-date symlink: /home/agathe/Documents/york/fall2025/robotics/project_ros_ws/ydlidar_ros2_ws/install/cartographer_ros/share/cartographer_ros//launch/visualize_pbstream.launch.py
[0.211s] -- Up-to-date symlink: /home/agathe/Documents/york/fall2025/robotics/project_ros_ws/ydlidar_ros2_ws/install/cartographer_ros/share/cartographer_ros/environment/library_path.sh
[0.211s] -- Up-to-date symlink: /home/agathe/Documents/york/fall2025/robotics/project_ros_ws/ydlidar_ros2_ws/install/cartographer_ros/share/cartographer_ros/environment/library_path.dsv
[0.211s] -- Up-to-date symlink: /home/agathe/Documents/york/fall2025/robotics/project_ros_ws/ydlidar_ros2_ws/install/cartographer_ros/share/ament_index/resource_index/package_run_dependencies/cartographer_ros
[0.211s] -- Up-to-date symlink: /home/agathe/Documents/york/fall2025/robotics/project_ros_ws/ydlidar_ros2_ws/install/cartographer_ros/share/ament_index/resource_index/parent_prefix_path/cartographer_ros
[0.211s] -- Up-to-date symlink: /home/agathe/Documents/york/fall2025/robotics/project_ros_ws/ydlidar_ros2_ws/install/cartographer_ros/share/cartographer_ros/environment/ament_prefix_path.sh
[0.212s] -- Up-to-date symlink: /home/agathe/Documents/york/fall2025/robotics/project_ros_ws/ydlidar_ros2_ws/install/cartographer_ros/share/cartographer_ros/environment/ament_prefix_path.dsv
[0.212s] -- Up-to-date symlink: /home/agathe/Documents/york/fall2025/robotics/project_ros_ws/ydlidar_ros2_ws/install/cartographer_ros/share/cartographer_ros/environment/path.sh
[0.212s] -- Up-to-date symlink: /home/agathe/Documents/york/fall2025/robotics/project_ros_ws/ydlidar_ros2_ws/install/cartographer_ros/share/cartographer_ros/environment/path.dsv
[0.212s] -- Up-to-date symlink: /home/agathe/Documents/york/fall2025/robotics/project_ros_ws/ydlidar_ros2_ws/install/cartographer_ros/share/cartographer_ros/local_setup.bash
[0.212s] -- Up-to-date symlink: /home/agathe/Documents/york/fall2025/robotics/project_ros_ws/ydlidar_ros2_ws/install/cartographer_ros/share/cartographer_ros/local_setup.sh
[0.212s] -- Up-to-date symlink: /home/agathe/Documents/york/fall2025/robotics/project_ros_ws/ydlidar_ros2_ws/install/cartographer_ros/share/cartographer_ros/local_setup.zsh
[0.212s] -- Up-to-date symlink: /home/agathe/Documents/york/fall2025/robotics/project_ros_ws/ydlidar_ros2_ws/install/cartographer_ros/share/cartographer_ros/local_setup.dsv
[0.212s] -- Symlinking: /home/agathe/Documents/york/fall2025/robotics/project_ros_ws/ydlidar_ros2_ws/install/cartographer_ros/share/cartographer_ros/package.dsv
[0.221s] -- Up-to-date symlink: /home/agathe/Documents/york/fall2025/robotics/project_ros_ws/ydlidar_ros2_ws/install/cartographer_ros/share/ament_index/resource_index/packages/cartographer_ros
[0.221s] -- Up-to-date symlink: /home/agathe/Documents/york/fall2025/robotics/project_ros_ws/ydlidar_ros2_ws/install/cartographer_ros/share/cartographer_ros/cmake/ament_cmake_export_targets-extras.cmake
[0.222s] -- Up-to-date symlink: /home/agathe/Documents/york/fall2025/robotics/project_ros_ws/ydlidar_ros2_ws/install/cartographer_ros/share/cartographer_ros/cmake/ament_cmake_export_include_directories-extras.cmake
[0.222s] -- Up-to-date symlink: /home/agathe/Documents/york/fall2025/robotics/project_ros_ws/ydlidar_ros2_ws/install/cartographer_ros/share/cartographer_ros/cmake/ament_cmake_export_libraries-extras.cmake
[0.222s] -- Up-to-date symlink: /home/agathe/Documents/york/fall2025/robotics/project_ros_ws/ydlidar_ros2_ws/install/cartographer_ros/share/cartographer_ros/cmake/ament_cmake_export_dependencies-extras.cmake
[0.222s] -- Up-to-date symlink: /home/agathe/Documents/york/fall2025/robotics/project_ros_ws/ydlidar_ros2_ws/install/cartographer_ros/share/cartographer_ros/cmake/cartographer_rosConfig.cmake
[0.222s] -- Up-to-date symlink: /home/agathe/Documents/york/fall2025/robotics/project_ros_ws/ydlidar_ros2_ws/install/cartographer_ros/share/cartographer_ros/cmake/cartographer_rosConfig-version.cmake
[0.222s] -- Up-to-date symlink: /home/agathe/Documents/york/fall2025/robotics/project_ros_ws/ydlidar_ros2_ws/install/cartographer_ros/share/cartographer_ros/package.xml
[0.223s] -- Up-to-date: /home/agathe/Documents/york/fall2025/robotics/project_ros_ws/ydlidar_ros2_ws/install/cartographer_ros/lib/libcartographer_ros.so
[0.223s] -- Up-to-date: /home/agathe/Documents/york/fall2025/robotics/project_ros_ws/ydlidar_ros2_ws/install/cartographer_ros/share/cartographer_ros/cmake/cartographer_rosExport.cmake
[0.223s] -- Up-to-date: /home/agathe/Documents/york/fall2025/robotics/project_ros_ws/ydlidar_ros2_ws/install/cartographer_ros/share/cartographer_ros/cmake/cartographer_rosExport-noconfig.cmake
[0.225s] Invoked command in '/home/agathe/Documents/york/fall2025/robotics/project_ros_ws/ydlidar_ros2_ws/build/cartographer_ros' returned '0': CMAKE_PREFIX_PATH=/home/agathe/Documents/york/fall2025/robotics/project_ros_ws/ydlidar_ros2_ws/install/cartographer_ros_msgs:/home/agathe/Documents/york/fall2025/robotics/project_ros_ws/ydlidar_ros2_ws/install/cartographer_rviz:/home/agathe/Documents/york/fall2025/robotics/project_ros_ws/ydlidar_ros2_ws/install/cartographer_ros:/home/agathe/Documents/york/fall2025/robotics/project_ros_ws/ydlidar_ros2_ws/install/ydlidar_ros2_driver:/home/agathe/Documents/york/fall2025/robotics/project_ros_ws/ydlidar_ros2_ws/install/slam:/home/agathe/Documents/york/fall2025/robotics/project_ros_ws/ydlidar_ros2_ws/install/simulation:/opt/ros/humble LD_LIBRARY_PATH=/home/agathe/Documents/york/fall2025/robotics/project_ros_ws/ydlidar_ros2_ws/install/cartographer_ros_msgs/lib:/home/agathe/Documents/york/fall2025/robotics/project_ros_ws/ydlidar_ros2_ws/install/cartographer_rviz/lib:/home/agathe/Documents/york/fall2025/robotics/project_ros_ws/ydlidar_ros2_ws/install/cartographer_ros/lib:/usr/lib/x86_64-linux-gnu/gazebo-11/plugins:/opt/ros/humble/opt/rviz_ogre_vendor/lib:/opt/ros/humble/lib/x86_64-linux-gnu:/opt/ros/humble/lib /usr/bin/cmake --install /home/agathe/Documents/york/fall2025/robotics/project_ros_ws/ydlidar_ros2_ws/build/cartographer_ros
