[0.212s] DEBUG:colcon:Command line arguments: ['/usr/bin/colcon', 'build', '--symlink-install']
[0.212s] DEBUG:colcon:Parsed command line arguments: Namespace(log_base=None, log_level=None, verb_name='build', build_base='build', install_base='install', merge_install=False, symlink_install=True, test_result_base=None, continue_on_error=False, executor='parallel', parallel_workers=8, event_handlers=None, ignore_user_meta=False, metas=['./colcon.meta'], base_paths=['.'], packages_ignore=None, packages_ignore_regex=None, paths=None, packages_up_to=None, packages_up_to_regex=None, packages_above=None, packages_above_and_dependencies=None, packages_above_depth=None, packages_select_by_dep=None, packages_skip_by_dep=None, packages_skip_up_to=None, packages_select_build_failed=False, packages_skip_build_finished=False, packages_select_test_failures=False, packages_skip_test_passed=False, packages_select=None, packages_skip=None, packages_select_regex=None, packages_skip_regex=None, packages_start=None, packages_end=None, allow_overriding=[], cmake_args=None, cmake_target=None, cmake_target_skip_unavailable=False, cmake_clean_cache=False, cmake_clean_first=False, cmake_force_configure=False, ament_cmake_args=None, catkin_cmake_args=None, catkin_skip_building_tests=False, verb_parser=<colcon_defaults.argument_parser.defaults.DefaultArgumentsDecorator object at 0x7099b7487400>, verb_extension=<colcon_core.verb.build.BuildVerb object at 0x7099b7486fb0>, main=<bound method BuildVerb.main of <colcon_core.verb.build.BuildVerb object at 0x7099b7486fb0>>)
[0.288s] Level 1:colcon.colcon_core.package_discovery:discover_packages(colcon_meta) check parameters
[0.288s] Level 1:colcon.colcon_core.package_discovery:discover_packages(recursive) check parameters
[0.288s] Level 1:colcon.colcon_core.package_discovery:discover_packages(ignore) check parameters
[0.288s] Level 1:colcon.colcon_core.package_discovery:discover_packages(path) check parameters
[0.288s] Level 1:colcon.colcon_core.package_discovery:discover_packages(colcon_meta) discover
[0.289s] Level 1:colcon.colcon_core.package_discovery:discover_packages(recursive) discover
[0.289s] INFO:colcon.colcon_core.package_discovery:Crawling recursively for packages in '/home/agathe/Documents/york/fall2025/robotics/project_ros_ws/ydlidar_ros2_ws'
[0.289s] Level 1:colcon.colcon_core.package_identification:_identify(.) by extensions ['ignore', 'ignore_ament_install']
[0.289s] Level 1:colcon.colcon_core.package_identification:_identify(.) by extension 'ignore'
[0.289s] Level 1:colcon.colcon_core.package_identification:_identify(.) by extension 'ignore_ament_install'
[0.289s] Level 1:colcon.colcon_core.package_identification:_identify(.) by extensions ['colcon_pkg']
[0.289s] Level 1:colcon.colcon_core.package_identification:_identify(.) by extension 'colcon_pkg'
[0.289s] Level 1:colcon.colcon_core.package_identification:_identify(.) by extensions ['colcon_meta']
[0.290s] Level 1:colcon.colcon_core.package_identification:_identify(.) by extension 'colcon_meta'
[0.290s] Level 1:colcon.colcon_core.package_identification:_identify(.) by extensions ['ros']
[0.290s] Level 1:colcon.colcon_core.package_identification:_identify(.) by extension 'ros'
[0.319s] Level 1:colcon.colcon_core.package_identification:_identify(.) by extensions ['cmake', 'python']
[0.319s] Level 1:colcon.colcon_core.package_identification:_identify(.) by extension 'cmake'
[0.319s] Level 1:colcon.colcon_core.package_identification:_identify(.) by extension 'python'
[0.319s] Level 1:colcon.colcon_core.package_identification:_identify(.) by extensions ['python_setup_py']
[0.319s] Level 1:colcon.colcon_core.package_identification:_identify(.) by extension 'python_setup_py'
[0.319s] Level 1:colcon.colcon_core.package_identification:_identify(build) by extensions ['ignore', 'ignore_ament_install']
[0.319s] Level 1:colcon.colcon_core.package_identification:_identify(build) by extension 'ignore'
[0.319s] Level 1:colcon.colcon_core.package_identification:_identify(build) ignored
[0.320s] Level 1:colcon.colcon_core.package_identification:_identify(install) by extensions ['ignore', 'ignore_ament_install']
[0.320s] Level 1:colcon.colcon_core.package_identification:_identify(install) by extension 'ignore'
[0.320s] Level 1:colcon.colcon_core.package_identification:_identify(install) ignored
[0.320s] Level 1:colcon.colcon_core.package_identification:_identify(log) by extensions ['ignore', 'ignore_ament_install']
[0.320s] Level 1:colcon.colcon_core.package_identification:_identify(log) by extension 'ignore'
[0.320s] Level 1:colcon.colcon_core.package_identification:_identify(log) ignored
[0.321s] Level 1:colcon.colcon_core.package_identification:_identify(src) by extensions ['ignore', 'ignore_ament_install']
[0.321s] Level 1:colcon.colcon_core.package_identification:_identify(src) by extension 'ignore'
[0.321s] Level 1:colcon.colcon_core.package_identification:_identify(src) by extension 'ignore_ament_install'
[0.321s] Level 1:colcon.colcon_core.package_identification:_identify(src) by extensions ['colcon_pkg']
[0.321s] Level 1:colcon.colcon_core.package_identification:_identify(src) by extension 'colcon_pkg'
[0.321s] Level 1:colcon.colcon_core.package_identification:_identify(src) by extensions ['colcon_meta']
[0.321s] Level 1:colcon.colcon_core.package_identification:_identify(src) by extension 'colcon_meta'
[0.321s] Level 1:colcon.colcon_core.package_identification:_identify(src) by extensions ['ros']
[0.321s] Level 1:colcon.colcon_core.package_identification:_identify(src) by extension 'ros'
[0.321s] Level 1:colcon.colcon_core.package_identification:_identify(src) by extensions ['cmake', 'python']
[0.321s] Level 1:colcon.colcon_core.package_identification:_identify(src) by extension 'cmake'
[0.321s] Level 1:colcon.colcon_core.package_identification:_identify(src) by extension 'python'
[0.322s] Level 1:colcon.colcon_core.package_identification:_identify(src) by extensions ['python_setup_py']
[0.322s] Level 1:colcon.colcon_core.package_identification:_identify(src) by extension 'python_setup_py'
[0.322s] Level 1:colcon.colcon_core.package_identification:_identify(src/cartographer_ros) by extensions ['ignore', 'ignore_ament_install']
[0.322s] Level 1:colcon.colcon_core.package_identification:_identify(src/cartographer_ros) by extension 'ignore'
[0.322s] Level 1:colcon.colcon_core.package_identification:_identify(src/cartographer_ros) by extension 'ignore_ament_install'
[0.322s] Level 1:colcon.colcon_core.package_identification:_identify(src/cartographer_ros) by extensions ['colcon_pkg']
[0.322s] Level 1:colcon.colcon_core.package_identification:_identify(src/cartographer_ros) by extension 'colcon_pkg'
[0.322s] Level 1:colcon.colcon_core.package_identification:_identify(src/cartographer_ros) by extensions ['colcon_meta']
[0.322s] Level 1:colcon.colcon_core.package_identification:_identify(src/cartographer_ros) by extension 'colcon_meta'
[0.322s] Level 1:colcon.colcon_core.package_identification:_identify(src/cartographer_ros) by extensions ['ros']
[0.322s] Level 1:colcon.colcon_core.package_identification:_identify(src/cartographer_ros) by extension 'ros'
[0.323s] Level 1:colcon.colcon_core.package_identification:_identify(src/cartographer_ros) by extensions ['cmake', 'python']
[0.323s] Level 1:colcon.colcon_core.package_identification:_identify(src/cartographer_ros) by extension 'cmake'
[0.323s] Level 1:colcon.colcon_core.package_identification:_identify(src/cartographer_ros) by extension 'python'
[0.323s] Level 1:colcon.colcon_core.package_identification:_identify(src/cartographer_ros) by extensions ['python_setup_py']
[0.323s] Level 1:colcon.colcon_core.package_identification:_identify(src/cartographer_ros) by extension 'python_setup_py'
[0.323s] Level 1:colcon.colcon_core.package_identification:_identify(src/cartographer_ros/cartographer_ros) by extensions ['ignore', 'ignore_ament_install']
[0.323s] Level 1:colcon.colcon_core.package_identification:_identify(src/cartographer_ros/cartographer_ros) by extension 'ignore'
[0.323s] Level 1:colcon.colcon_core.package_identification:_identify(src/cartographer_ros/cartographer_ros) by extension 'ignore_ament_install'
[0.323s] Level 1:colcon.colcon_core.package_identification:_identify(src/cartographer_ros/cartographer_ros) by extensions ['colcon_pkg']
[0.323s] Level 1:colcon.colcon_core.package_identification:_identify(src/cartographer_ros/cartographer_ros) by extension 'colcon_pkg'
[0.324s] Level 1:colcon.colcon_core.package_identification:_identify(src/cartographer_ros/cartographer_ros) by extensions ['colcon_meta']
[0.324s] Level 1:colcon.colcon_core.package_identification:_identify(src/cartographer_ros/cartographer_ros) by extension 'colcon_meta'
[0.324s] Level 1:colcon.colcon_core.package_identification:_identify(src/cartographer_ros/cartographer_ros) by extensions ['ros']
[0.324s] Level 1:colcon.colcon_core.package_identification:_identify(src/cartographer_ros/cartographer_ros) by extension 'ros'
[0.332s] DEBUG:colcon.colcon_core.package_identification:Package 'src/cartographer_ros/cartographer_ros' with type 'ros.ament_cmake' and name 'cartographer_ros'
[0.332s] Level 1:colcon.colcon_core.package_identification:_identify(src/cartographer_ros/cartographer_ros_msgs) by extensions ['ignore', 'ignore_ament_install']
[0.333s] Level 1:colcon.colcon_core.package_identification:_identify(src/cartographer_ros/cartographer_ros_msgs) by extension 'ignore'
[0.333s] Level 1:colcon.colcon_core.package_identification:_identify(src/cartographer_ros/cartographer_ros_msgs) by extension 'ignore_ament_install'
[0.333s] Level 1:colcon.colcon_core.package_identification:_identify(src/cartographer_ros/cartographer_ros_msgs) by extensions ['colcon_pkg']
[0.333s] Level 1:colcon.colcon_core.package_identification:_identify(src/cartographer_ros/cartographer_ros_msgs) by extension 'colcon_pkg'
[0.333s] Level 1:colcon.colcon_core.package_identification:_identify(src/cartographer_ros/cartographer_ros_msgs) by extensions ['colcon_meta']
[0.333s] Level 1:colcon.colcon_core.package_identification:_identify(src/cartographer_ros/cartographer_ros_msgs) by extension 'colcon_meta'
[0.333s] Level 1:colcon.colcon_core.package_identification:_identify(src/cartographer_ros/cartographer_ros_msgs) by extensions ['ros']
[0.333s] Level 1:colcon.colcon_core.package_identification:_identify(src/cartographer_ros/cartographer_ros_msgs) by extension 'ros'
[0.335s] DEBUG:colcon.colcon_core.package_identification:Package 'src/cartographer_ros/cartographer_ros_msgs' with type 'ros.ament_cmake' and name 'cartographer_ros_msgs'
[0.335s] Level 1:colcon.colcon_core.package_identification:_identify(src/cartographer_ros/cartographer_rviz) by extensions ['ignore', 'ignore_ament_install']
[0.335s] Level 1:colcon.colcon_core.package_identification:_identify(src/cartographer_ros/cartographer_rviz) by extension 'ignore'
[0.335s] Level 1:colcon.colcon_core.package_identification:_identify(src/cartographer_ros/cartographer_rviz) by extension 'ignore_ament_install'
[0.335s] Level 1:colcon.colcon_core.package_identification:_identify(src/cartographer_ros/cartographer_rviz) by extensions ['colcon_pkg']
[0.335s] Level 1:colcon.colcon_core.package_identification:_identify(src/cartographer_ros/cartographer_rviz) by extension 'colcon_pkg'
[0.335s] Level 1:colcon.colcon_core.package_identification:_identify(src/cartographer_ros/cartographer_rviz) by extensions ['colcon_meta']
[0.336s] Level 1:colcon.colcon_core.package_identification:_identify(src/cartographer_ros/cartographer_rviz) by extension 'colcon_meta'
[0.336s] Level 1:colcon.colcon_core.package_identification:_identify(src/cartographer_ros/cartographer_rviz) by extensions ['ros']
[0.336s] Level 1:colcon.colcon_core.package_identification:_identify(src/cartographer_ros/cartographer_rviz) by extension 'ros'
[0.338s] DEBUG:colcon.colcon_core.package_identification:Package 'src/cartographer_ros/cartographer_rviz' with type 'ros.ament_cmake' and name 'cartographer_rviz'
[0.338s] Level 1:colcon.colcon_core.package_identification:_identify(src/cartographer_ros/docs) by extensions ['ignore', 'ignore_ament_install']
[0.338s] Level 1:colcon.colcon_core.package_identification:_identify(src/cartographer_ros/docs) by extension 'ignore'
[0.338s] Level 1:colcon.colcon_core.package_identification:_identify(src/cartographer_ros/docs) ignored
[0.339s] Level 1:colcon.colcon_core.package_identification:_identify(src/cartographer_ros/scripts) by extensions ['ignore', 'ignore_ament_install']
[0.339s] Level 1:colcon.colcon_core.package_identification:_identify(src/cartographer_ros/scripts) by extension 'ignore'
[0.339s] Level 1:colcon.colcon_core.package_identification:_identify(src/cartographer_ros/scripts) by extension 'ignore_ament_install'
[0.339s] Level 1:colcon.colcon_core.package_identification:_identify(src/cartographer_ros/scripts) by extensions ['colcon_pkg']
[0.339s] Level 1:colcon.colcon_core.package_identification:_identify(src/cartographer_ros/scripts) by extension 'colcon_pkg'
[0.339s] Level 1:colcon.colcon_core.package_identification:_identify(src/cartographer_ros/scripts) by extensions ['colcon_meta']
[0.339s] Level 1:colcon.colcon_core.package_identification:_identify(src/cartographer_ros/scripts) by extension 'colcon_meta'
[0.339s] Level 1:colcon.colcon_core.package_identification:_identify(src/cartographer_ros/scripts) by extensions ['ros']
[0.339s] Level 1:colcon.colcon_core.package_identification:_identify(src/cartographer_ros/scripts) by extension 'ros'
[0.339s] Level 1:colcon.colcon_core.package_identification:_identify(src/cartographer_ros/scripts) by extensions ['cmake', 'python']
[0.340s] Level 1:colcon.colcon_core.package_identification:_identify(src/cartographer_ros/scripts) by extension 'cmake'
[0.340s] Level 1:colcon.colcon_core.package_identification:_identify(src/cartographer_ros/scripts) by extension 'python'
[0.340s] Level 1:colcon.colcon_core.package_identification:_identify(src/cartographer_ros/scripts) by extensions ['python_setup_py']
[0.340s] Level 1:colcon.colcon_core.package_identification:_identify(src/cartographer_ros/scripts) by extension 'python_setup_py'
[0.340s] Level 1:colcon.colcon_core.package_identification:_identify(src/ydlidar_ros2_driver) by extensions ['ignore', 'ignore_ament_install']
[0.340s] Level 1:colcon.colcon_core.package_identification:_identify(src/ydlidar_ros2_driver) by extension 'ignore'
[0.340s] Level 1:colcon.colcon_core.package_identification:_identify(src/ydlidar_ros2_driver) by extension 'ignore_ament_install'
[0.340s] Level 1:colcon.colcon_core.package_identification:_identify(src/ydlidar_ros2_driver) by extensions ['colcon_pkg']
[0.340s] Level 1:colcon.colcon_core.package_identification:_identify(src/ydlidar_ros2_driver) by extension 'colcon_pkg'
[0.340s] Level 1:colcon.colcon_core.package_identification:_identify(src/ydlidar_ros2_driver) by extensions ['colcon_meta']
[0.340s] Level 1:colcon.colcon_core.package_identification:_identify(src/ydlidar_ros2_driver) by extension 'colcon_meta'
[0.341s] Level 1:colcon.colcon_core.package_identification:_identify(src/ydlidar_ros2_driver) by extensions ['ros']
[0.341s] Level 1:colcon.colcon_core.package_identification:_identify(src/ydlidar_ros2_driver) by extension 'ros'
[0.342s] DEBUG:colcon.colcon_core.package_identification:Package 'src/ydlidar_ros2_driver' with type 'ros.ament_cmake' and name 'ydlidar_ros2_driver'
[0.342s] Level 1:colcon.colcon_core.package_identification:_identify(test_both) by extensions ['ignore', 'ignore_ament_install']
[0.342s] Level 1:colcon.colcon_core.package_identification:_identify(test_both) by extension 'ignore'
[0.342s] Level 1:colcon.colcon_core.package_identification:_identify(test_both) by extension 'ignore_ament_install'
[0.342s] Level 1:colcon.colcon_core.package_identification:_identify(test_both) by extensions ['colcon_pkg']
[0.343s] Level 1:colcon.colcon_core.package_identification:_identify(test_both) by extension 'colcon_pkg'
[0.343s] Level 1:colcon.colcon_core.package_identification:_identify(test_both) by extensions ['colcon_meta']
[0.343s] Level 1:colcon.colcon_core.package_identification:_identify(test_both) by extension 'colcon_meta'
[0.343s] Level 1:colcon.colcon_core.package_identification:_identify(test_both) by extensions ['ros']
[0.343s] Level 1:colcon.colcon_core.package_identification:_identify(test_both) by extension 'ros'
[0.343s] Level 1:colcon.colcon_core.package_identification:_identify(test_both) by extensions ['cmake', 'python']
[0.343s] Level 1:colcon.colcon_core.package_identification:_identify(test_both) by extension 'cmake'
[0.343s] Level 1:colcon.colcon_core.package_identification:_identify(test_both) by extension 'python'
[0.343s] Level 1:colcon.colcon_core.package_identification:_identify(test_both) by extensions ['python_setup_py']
[0.343s] Level 1:colcon.colcon_core.package_identification:_identify(test_both) by extension 'python_setup_py'
[0.343s] Level 1:colcon.colcon_core.package_discovery:discover_packages(recursive) using defaults
[0.343s] Level 1:colcon.colcon_core.package_discovery:discover_packages(ignore) discover
[0.343s] Level 1:colcon.colcon_core.package_discovery:discover_packages(ignore) using defaults
[0.344s] Level 1:colcon.colcon_core.package_discovery:discover_packages(path) discover
[0.344s] Level 1:colcon.colcon_core.package_discovery:discover_packages(path) using defaults
[0.384s] Level 1:colcon.colcon_core.package_discovery:discover_packages(prefix_path) check parameters
[0.384s] Level 1:colcon.colcon_core.package_discovery:discover_packages(prefix_path) discover
[0.386s] WARNING:colcon.colcon_ros.prefix_path.ament:The path '/home/agathe/Documents/york/fall2025/robotics/project_ros_ws/ydlidar_ros2_ws/install/slam' in the environment variable AMENT_PREFIX_PATH doesn't exist
[0.386s] WARNING:colcon.colcon_ros.prefix_path.ament:The path '/home/agathe/Documents/york/fall2025/robotics/project_ros_ws/ydlidar_ros2_ws/install/simulation' in the environment variable AMENT_PREFIX_PATH doesn't exist
[0.387s] DEBUG:colcon.colcon_installed_package_information.package_discovery:Found 4 installed packages in /home/agathe/Documents/york/fall2025/robotics/project_ros_ws/ydlidar_ros2_ws/install
[0.390s] DEBUG:colcon.colcon_installed_package_information.package_discovery:Found 295 installed packages in /opt/ros/humble
[0.393s] Level 1:colcon.colcon_core.package_discovery:discover_packages(prefix_path) using defaults
[0.465s] Level 5:colcon.colcon_core.verb:set package 'cartographer_ros_msgs' build argument 'cmake_args' from command line to 'None'
[0.465s] Level 5:colcon.colcon_core.verb:set package 'cartographer_ros_msgs' build argument 'cmake_target' from command line to 'None'
[0.465s] Level 5:colcon.colcon_core.verb:set package 'cartographer_ros_msgs' build argument 'cmake_target_skip_unavailable' from command line to 'False'
[0.465s] Level 5:colcon.colcon_core.verb:set package 'cartographer_ros_msgs' build argument 'cmake_clean_cache' from command line to 'False'
[0.465s] Level 5:colcon.colcon_core.verb:set package 'cartographer_ros_msgs' build argument 'cmake_clean_first' from command line to 'False'
[0.465s] Level 5:colcon.colcon_core.verb:set package 'cartographer_ros_msgs' build argument 'cmake_force_configure' from command line to 'False'
[0.465s] Level 5:colcon.colcon_core.verb:set package 'cartographer_ros_msgs' build argument 'ament_cmake_args' from command line to 'None'
[0.466s] Level 5:colcon.colcon_core.verb:set package 'cartographer_ros_msgs' build argument 'catkin_cmake_args' from command line to 'None'
[0.466s] Level 5:colcon.colcon_core.verb:set package 'cartographer_ros_msgs' build argument 'catkin_skip_building_tests' from command line to 'False'
[0.466s] DEBUG:colcon.colcon_core.verb:Building package 'cartographer_ros_msgs' with the following arguments: {'ament_cmake_args': None, 'build_base': '/home/agathe/Documents/york/fall2025/robotics/project_ros_ws/ydlidar_ros2_ws/build/cartographer_ros_msgs', 'catkin_cmake_args': None, 'catkin_skip_building_tests': False, 'cmake_args': None, 'cmake_clean_cache': False, 'cmake_clean_first': False, 'cmake_force_configure': False, 'cmake_target': None, 'cmake_target_skip_unavailable': False, 'install_base': '/home/agathe/Documents/york/fall2025/robotics/project_ros_ws/ydlidar_ros2_ws/install/cartographer_ros_msgs', 'merge_install': False, 'path': '/home/agathe/Documents/york/fall2025/robotics/project_ros_ws/ydlidar_ros2_ws/src/cartographer_ros/cartographer_ros_msgs', 'symlink_install': True, 'test_result_base': None}
[0.466s] Level 5:colcon.colcon_core.verb:set package 'ydlidar_ros2_driver' build argument 'cmake_args' from command line to 'None'
[0.466s] Level 5:colcon.colcon_core.verb:set package 'ydlidar_ros2_driver' build argument 'cmake_target' from command line to 'None'
[0.466s] Level 5:colcon.colcon_core.verb:set package 'ydlidar_ros2_driver' build argument 'cmake_target_skip_unavailable' from command line to 'False'
[0.466s] Level 5:colcon.colcon_core.verb:set package 'ydlidar_ros2_driver' build argument 'cmake_clean_cache' from command line to 'False'
[0.467s] Level 5:colcon.colcon_core.verb:set package 'ydlidar_ros2_driver' build argument 'cmake_clean_first' from command line to 'False'
[0.467s] Level 5:colcon.colcon_core.verb:set package 'ydlidar_ros2_driver' build argument 'cmake_force_configure' from command line to 'False'
[0.467s] Level 5:colcon.colcon_core.verb:set package 'ydlidar_ros2_driver' build argument 'ament_cmake_args' from command line to 'None'
[0.467s] Level 5:colcon.colcon_core.verb:set package 'ydlidar_ros2_driver' build argument 'catkin_cmake_args' from command line to 'None'
[0.467s] Level 5:colcon.colcon_core.verb:set package 'ydlidar_ros2_driver' build argument 'catkin_skip_building_tests' from command line to 'False'
[0.467s] DEBUG:colcon.colcon_core.verb:Building package 'ydlidar_ros2_driver' with the following arguments: {'ament_cmake_args': None, 'build_base': '/home/agathe/Documents/york/fall2025/robotics/project_ros_ws/ydlidar_ros2_ws/build/ydlidar_ros2_driver', 'catkin_cmake_args': None, 'catkin_skip_building_tests': False, 'cmake_args': None, 'cmake_clean_cache': False, 'cmake_clean_first': False, 'cmake_force_configure': False, 'cmake_target': None, 'cmake_target_skip_unavailable': False, 'install_base': '/home/agathe/Documents/york/fall2025/robotics/project_ros_ws/ydlidar_ros2_ws/install/ydlidar_ros2_driver', 'merge_install': False, 'path': '/home/agathe/Documents/york/fall2025/robotics/project_ros_ws/ydlidar_ros2_ws/src/ydlidar_ros2_driver', 'symlink_install': True, 'test_result_base': None}
[0.467s] Level 5:colcon.colcon_core.verb:set package 'cartographer_ros' build argument 'cmake_args' from command line to 'None'
[0.467s] Level 5:colcon.colcon_core.verb:set package 'cartographer_ros' build argument 'cmake_target' from command line to 'None'
[0.467s] Level 5:colcon.colcon_core.verb:set package 'cartographer_ros' build argument 'cmake_target_skip_unavailable' from command line to 'False'
[0.468s] Level 5:colcon.colcon_core.verb:set package 'cartographer_ros' build argument 'cmake_clean_cache' from command line to 'False'
[0.468s] Level 5:colcon.colcon_core.verb:set package 'cartographer_ros' build argument 'cmake_clean_first' from command line to 'False'
[0.468s] Level 5:colcon.colcon_core.verb:set package 'cartographer_ros' build argument 'cmake_force_configure' from command line to 'False'
[0.468s] Level 5:colcon.colcon_core.verb:set package 'cartographer_ros' build argument 'ament_cmake_args' from command line to 'None'
[0.468s] Level 5:colcon.colcon_core.verb:set package 'cartographer_ros' build argument 'catkin_cmake_args' from command line to 'None'
[0.468s] Level 5:colcon.colcon_core.verb:set package 'cartographer_ros' build argument 'catkin_skip_building_tests' from command line to 'False'
[0.468s] DEBUG:colcon.colcon_core.verb:Building package 'cartographer_ros' with the following arguments: {'ament_cmake_args': None, 'build_base': '/home/agathe/Documents/york/fall2025/robotics/project_ros_ws/ydlidar_ros2_ws/build/cartographer_ros', 'catkin_cmake_args': None, 'catkin_skip_building_tests': False, 'cmake_args': None, 'cmake_clean_cache': False, 'cmake_clean_first': False, 'cmake_force_configure': False, 'cmake_target': None, 'cmake_target_skip_unavailable': False, 'install_base': '/home/agathe/Documents/york/fall2025/robotics/project_ros_ws/ydlidar_ros2_ws/install/cartographer_ros', 'merge_install': False, 'path': '/home/agathe/Documents/york/fall2025/robotics/project_ros_ws/ydlidar_ros2_ws/src/cartographer_ros/cartographer_ros', 'symlink_install': True, 'test_result_base': None}
[0.468s] Level 5:colcon.colcon_core.verb:set package 'cartographer_rviz' build argument 'cmake_args' from command line to 'None'
[0.469s] Level 5:colcon.colcon_core.verb:set package 'cartographer_rviz' build argument 'cmake_target' from command line to 'None'
[0.469s] Level 5:colcon.colcon_core.verb:set package 'cartographer_rviz' build argument 'cmake_target_skip_unavailable' from command line to 'False'
[0.469s] Level 5:colcon.colcon_core.verb:set package 'cartographer_rviz' build argument 'cmake_clean_cache' from command line to 'False'
[0.469s] Level 5:colcon.colcon_core.verb:set package 'cartographer_rviz' build argument 'cmake_clean_first' from command line to 'False'
[0.469s] Level 5:colcon.colcon_core.verb:set package 'cartographer_rviz' build argument 'cmake_force_configure' from command line to 'False'
[0.469s] Level 5:colcon.colcon_core.verb:set package 'cartographer_rviz' build argument 'ament_cmake_args' from command line to 'None'
[0.469s] Level 5:colcon.colcon_core.verb:set package 'cartographer_rviz' build argument 'catkin_cmake_args' from command line to 'None'
[0.469s] Level 5:colcon.colcon_core.verb:set package 'cartographer_rviz' build argument 'catkin_skip_building_tests' from command line to 'False'
[0.469s] DEBUG:colcon.colcon_core.verb:Building package 'cartographer_rviz' with the following arguments: {'ament_cmake_args': None, 'build_base': '/home/agathe/Documents/york/fall2025/robotics/project_ros_ws/ydlidar_ros2_ws/build/cartographer_rviz', 'catkin_cmake_args': None, 'catkin_skip_building_tests': False, 'cmake_args': None, 'cmake_clean_cache': False, 'cmake_clean_first': False, 'cmake_force_configure': False, 'cmake_target': None, 'cmake_target_skip_unavailable': False, 'install_base': '/home/agathe/Documents/york/fall2025/robotics/project_ros_ws/ydlidar_ros2_ws/install/cartographer_rviz', 'merge_install': False, 'path': '/home/agathe/Documents/york/fall2025/robotics/project_ros_ws/ydlidar_ros2_ws/src/cartographer_ros/cartographer_rviz', 'symlink_install': True, 'test_result_base': None}
[0.469s] INFO:colcon.colcon_core.executor:Executing jobs using 'parallel' executor
[0.471s] DEBUG:colcon.colcon_parallel_executor.executor.parallel:run_until_complete
[0.471s] INFO:colcon.colcon_ros.task.ament_cmake.build:Building ROS package in '/home/agathe/Documents/york/fall2025/robotics/project_ros_ws/ydlidar_ros2_ws/src/cartographer_ros/cartographer_ros_msgs' with build type 'ament_cmake'
[0.471s] INFO:colcon.colcon_cmake.task.cmake.build:Building CMake package in '/home/agathe/Documents/york/fall2025/robotics/project_ros_ws/ydlidar_ros2_ws/src/cartographer_ros/cartographer_ros_msgs'
[0.475s] INFO:colcon.colcon_core.plugin_system:Skipping extension 'colcon_core.shell.bat': Not used on non-Windows systems
[0.475s] INFO:colcon.colcon_core.shell:Skip shell extension 'powershell' for command environment: Not usable outside of PowerShell
[0.475s] DEBUG:colcon.colcon_core.shell:Skip shell extension 'dsv' for command environment
[0.481s] INFO:colcon.colcon_ros.task.ament_cmake.build:Building ROS package in '/home/agathe/Documents/york/fall2025/robotics/project_ros_ws/ydlidar_ros2_ws/src/ydlidar_ros2_driver' with build type 'ament_cmake'
[0.481s] INFO:colcon.colcon_cmake.task.cmake.build:Building CMake package in '/home/agathe/Documents/york/fall2025/robotics/project_ros_ws/ydlidar_ros2_ws/src/ydlidar_ros2_driver'
[0.482s] INFO:colcon.colcon_core.shell:Skip shell extension 'powershell' for command environment: Not usable outside of PowerShell
[0.482s] DEBUG:colcon.colcon_core.shell:Skip shell extension 'dsv' for command environment
[0.496s] DEBUG:colcon.colcon_core.event_handler.log_command:Invoking command in '/home/agathe/Documents/york/fall2025/robotics/project_ros_ws/ydlidar_ros2_ws/build/cartographer_ros_msgs': CMAKE_PREFIX_PATH=${CMAKE_PREFIX_PATH}:/home/agathe/Documents/york/fall2025/robotics/project_ros_ws/ydlidar_ros2_ws/install/slam:/home/agathe/Documents/york/fall2025/robotics/project_ros_ws/ydlidar_ros2_ws/install/simulation:/opt/ros/humble /usr/bin/cmake --build /home/agathe/Documents/york/fall2025/robotics/project_ros_ws/ydlidar_ros2_ws/build/cartographer_ros_msgs -- -j8 -l8
[0.502s] DEBUG:colcon.colcon_core.event_handler.log_command:Invoking command in '/home/agathe/Documents/york/fall2025/robotics/project_ros_ws/ydlidar_ros2_ws/build/ydlidar_ros2_driver': CMAKE_PREFIX_PATH=${CMAKE_PREFIX_PATH}:/home/agathe/Documents/york/fall2025/robotics/project_ros_ws/ydlidar_ros2_ws/install/slam:/home/agathe/Documents/york/fall2025/robotics/project_ros_ws/ydlidar_ros2_ws/install/simulation:/opt/ros/humble /usr/bin/cmake --build /home/agathe/Documents/york/fall2025/robotics/project_ros_ws/ydlidar_ros2_ws/build/ydlidar_ros2_driver -- -j8 -l8
[1.563s] DEBUG:colcon.colcon_core.event_handler.log_command:Invoked command in '/home/agathe/Documents/york/fall2025/robotics/project_ros_ws/ydlidar_ros2_ws/build/cartographer_ros_msgs' returned '0': CMAKE_PREFIX_PATH=${CMAKE_PREFIX_PATH}:/home/agathe/Documents/york/fall2025/robotics/project_ros_ws/ydlidar_ros2_ws/install/slam:/home/agathe/Documents/york/fall2025/robotics/project_ros_ws/ydlidar_ros2_ws/install/simulation:/opt/ros/humble /usr/bin/cmake --build /home/agathe/Documents/york/fall2025/robotics/project_ros_ws/ydlidar_ros2_ws/build/cartographer_ros_msgs -- -j8 -l8
[1.581s] DEBUG:colcon.colcon_core.event_handler.log_command:Invoking command in '/home/agathe/Documents/york/fall2025/robotics/project_ros_ws/ydlidar_ros2_ws/build/cartographer_ros_msgs': CMAKE_PREFIX_PATH=${CMAKE_PREFIX_PATH}:/home/agathe/Documents/york/fall2025/robotics/project_ros_ws/ydlidar_ros2_ws/install/slam:/home/agathe/Documents/york/fall2025/robotics/project_ros_ws/ydlidar_ros2_ws/install/simulation:/opt/ros/humble /usr/bin/cmake --install /home/agathe/Documents/york/fall2025/robotics/project_ros_ws/ydlidar_ros2_ws/build/cartographer_ros_msgs
[1.583s] DEBUG:colcon.colcon_core.event_handler.log_command:Invoked command in '/home/agathe/Documents/york/fall2025/robotics/project_ros_ws/ydlidar_ros2_ws/build/ydlidar_ros2_driver' returned '0': CMAKE_PREFIX_PATH=${CMAKE_PREFIX_PATH}:/home/agathe/Documents/york/fall2025/robotics/project_ros_ws/ydlidar_ros2_ws/install/slam:/home/agathe/Documents/york/fall2025/robotics/project_ros_ws/ydlidar_ros2_ws/install/simulation:/opt/ros/humble /usr/bin/cmake --build /home/agathe/Documents/york/fall2025/robotics/project_ros_ws/ydlidar_ros2_ws/build/ydlidar_ros2_driver -- -j8 -l8
[1.586s] DEBUG:colcon.colcon_core.event_handler.log_command:Invoking command in '/home/agathe/Documents/york/fall2025/robotics/project_ros_ws/ydlidar_ros2_ws/build/ydlidar_ros2_driver': CMAKE_PREFIX_PATH=${CMAKE_PREFIX_PATH}:/home/agathe/Documents/york/fall2025/robotics/project_ros_ws/ydlidar_ros2_ws/install/slam:/home/agathe/Documents/york/fall2025/robotics/project_ros_ws/ydlidar_ros2_ws/install/simulation:/opt/ros/humble /usr/bin/cmake --install /home/agathe/Documents/york/fall2025/robotics/project_ros_ws/ydlidar_ros2_ws/build/ydlidar_ros2_driver
[1.708s] Level 1:colcon.colcon_core.environment:create_environment_scripts_only(ydlidar_ros2_driver)
[1.710s] DEBUG:colcon.colcon_core.event_handler.log_command:Invoked command in '/home/agathe/Documents/york/fall2025/robotics/project_ros_ws/ydlidar_ros2_ws/build/ydlidar_ros2_driver' returned '0': CMAKE_PREFIX_PATH=${CMAKE_PREFIX_PATH}:/home/agathe/Documents/york/fall2025/robotics/project_ros_ws/ydlidar_ros2_ws/install/slam:/home/agathe/Documents/york/fall2025/robotics/project_ros_ws/ydlidar_ros2_ws/install/simulation:/opt/ros/humble /usr/bin/cmake --install /home/agathe/Documents/york/fall2025/robotics/project_ros_ws/ydlidar_ros2_ws/build/ydlidar_ros2_driver
[1.716s] Level 1:colcon.colcon_core.environment:checking '/home/agathe/Documents/york/fall2025/robotics/project_ros_ws/ydlidar_ros2_ws/install/ydlidar_ros2_driver' for CMake module files
[1.717s] Level 1:colcon.colcon_core.environment:checking '/home/agathe/Documents/york/fall2025/robotics/project_ros_ws/ydlidar_ros2_ws/install/ydlidar_ros2_driver' for CMake config files
[1.718s] Level 1:colcon.colcon_core.shell:create_environment_hook('ydlidar_ros2_driver', 'cmake_prefix_path')
[1.719s] INFO:colcon.colcon_core.shell:Creating environment hook '/home/agathe/Documents/york/fall2025/robotics/project_ros_ws/ydlidar_ros2_ws/install/ydlidar_ros2_driver/share/ydlidar_ros2_driver/hook/cmake_prefix_path.ps1'
[1.720s] INFO:colcon.colcon_core.shell:Creating environment descriptor '/home/agathe/Documents/york/fall2025/robotics/project_ros_ws/ydlidar_ros2_ws/install/ydlidar_ros2_driver/share/ydlidar_ros2_driver/hook/cmake_prefix_path.dsv'
[1.721s] INFO:colcon.colcon_core.shell:Creating environment hook '/home/agathe/Documents/york/fall2025/robotics/project_ros_ws/ydlidar_ros2_ws/install/ydlidar_ros2_driver/share/ydlidar_ros2_driver/hook/cmake_prefix_path.sh'
[1.722s] Level 1:colcon.colcon_core.environment:checking '/home/agathe/Documents/york/fall2025/robotics/project_ros_ws/ydlidar_ros2_ws/install/ydlidar_ros2_driver/lib'
[1.722s] Level 1:colcon.colcon_core.environment:checking '/home/agathe/Documents/york/fall2025/robotics/project_ros_ws/ydlidar_ros2_ws/install/ydlidar_ros2_driver/bin'
[1.723s] Level 1:colcon.colcon_core.environment:checking '/home/agathe/Documents/york/fall2025/robotics/project_ros_ws/ydlidar_ros2_ws/install/ydlidar_ros2_driver/lib/pkgconfig/ydlidar_ros2_driver.pc'
[1.723s] Level 1:colcon.colcon_core.environment:checking '/home/agathe/Documents/york/fall2025/robotics/project_ros_ws/ydlidar_ros2_ws/install/ydlidar_ros2_driver/lib/python3.10/site-packages'
[1.724s] Level 1:colcon.colcon_core.environment:checking '/home/agathe/Documents/york/fall2025/robotics/project_ros_ws/ydlidar_ros2_ws/install/ydlidar_ros2_driver/bin'
[1.724s] INFO:colcon.colcon_core.shell:Creating package script '/home/agathe/Documents/york/fall2025/robotics/project_ros_ws/ydlidar_ros2_ws/install/ydlidar_ros2_driver/share/ydlidar_ros2_driver/package.ps1'
[1.726s] INFO:colcon.colcon_core.shell:Creating package descriptor '/home/agathe/Documents/york/fall2025/robotics/project_ros_ws/ydlidar_ros2_ws/install/ydlidar_ros2_driver/share/ydlidar_ros2_driver/package.dsv'
[1.727s] INFO:colcon.colcon_core.shell:Creating package script '/home/agathe/Documents/york/fall2025/robotics/project_ros_ws/ydlidar_ros2_ws/install/ydlidar_ros2_driver/share/ydlidar_ros2_driver/package.sh'
[1.729s] INFO:colcon.colcon_core.shell:Creating package script '/home/agathe/Documents/york/fall2025/robotics/project_ros_ws/ydlidar_ros2_ws/install/ydlidar_ros2_driver/share/ydlidar_ros2_driver/package.bash'
[1.731s] INFO:colcon.colcon_core.shell:Creating package script '/home/agathe/Documents/york/fall2025/robotics/project_ros_ws/ydlidar_ros2_ws/install/ydlidar_ros2_driver/share/ydlidar_ros2_driver/package.zsh'
[1.734s] Level 1:colcon.colcon_core.environment:create_file_with_runtime_dependencies(/home/agathe/Documents/york/fall2025/robotics/project_ros_ws/ydlidar_ros2_ws/install/ydlidar_ros2_driver/share/colcon-core/packages/ydlidar_ros2_driver)
[1.737s] Level 1:colcon.colcon_core.environment:create_environment_scripts_only(ydlidar_ros2_driver)
[1.737s] Level 1:colcon.colcon_core.environment:checking '/home/agathe/Documents/york/fall2025/robotics/project_ros_ws/ydlidar_ros2_ws/install/ydlidar_ros2_driver' for CMake module files
[1.738s] Level 1:colcon.colcon_core.environment:checking '/home/agathe/Documents/york/fall2025/robotics/project_ros_ws/ydlidar_ros2_ws/install/ydlidar_ros2_driver' for CMake config files
[1.739s] Level 1:colcon.colcon_core.shell:create_environment_hook('ydlidar_ros2_driver', 'cmake_prefix_path')
[1.740s] INFO:colcon.colcon_core.shell:Creating environment hook '/home/agathe/Documents/york/fall2025/robotics/project_ros_ws/ydlidar_ros2_ws/install/ydlidar_ros2_driver/share/ydlidar_ros2_driver/hook/cmake_prefix_path.ps1'
[1.740s] INFO:colcon.colcon_core.shell:Creating environment descriptor '/home/agathe/Documents/york/fall2025/robotics/project_ros_ws/ydlidar_ros2_ws/install/ydlidar_ros2_driver/share/ydlidar_ros2_driver/hook/cmake_prefix_path.dsv'
[1.741s] INFO:colcon.colcon_core.shell:Creating environment hook '/home/agathe/Documents/york/fall2025/robotics/project_ros_ws/ydlidar_ros2_ws/install/ydlidar_ros2_driver/share/ydlidar_ros2_driver/hook/cmake_prefix_path.sh'
[1.742s] Level 1:colcon.colcon_core.environment:checking '/home/agathe/Documents/york/fall2025/robotics/project_ros_ws/ydlidar_ros2_ws/install/ydlidar_ros2_driver/lib'
[1.742s] Level 1:colcon.colcon_core.environment:checking '/home/agathe/Documents/york/fall2025/robotics/project_ros_ws/ydlidar_ros2_ws/install/ydlidar_ros2_driver/bin'
[1.742s] Level 1:colcon.colcon_core.environment:checking '/home/agathe/Documents/york/fall2025/robotics/project_ros_ws/ydlidar_ros2_ws/install/ydlidar_ros2_driver/lib/pkgconfig/ydlidar_ros2_driver.pc'
[1.743s] Level 1:colcon.colcon_core.environment:checking '/home/agathe/Documents/york/fall2025/robotics/project_ros_ws/ydlidar_ros2_ws/install/ydlidar_ros2_driver/lib/python3.10/site-packages'
[1.743s] Level 1:colcon.colcon_core.environment:checking '/home/agathe/Documents/york/fall2025/robotics/project_ros_ws/ydlidar_ros2_ws/install/ydlidar_ros2_driver/bin'
[1.744s] INFO:colcon.colcon_core.shell:Creating package script '/home/agathe/Documents/york/fall2025/robotics/project_ros_ws/ydlidar_ros2_ws/install/ydlidar_ros2_driver/share/ydlidar_ros2_driver/package.ps1'
[1.745s] INFO:colcon.colcon_core.shell:Creating package descriptor '/home/agathe/Documents/york/fall2025/robotics/project_ros_ws/ydlidar_ros2_ws/install/ydlidar_ros2_driver/share/ydlidar_ros2_driver/package.dsv'
[1.745s] INFO:colcon.colcon_core.shell:Creating package script '/home/agathe/Documents/york/fall2025/robotics/project_ros_ws/ydlidar_ros2_ws/install/ydlidar_ros2_driver/share/ydlidar_ros2_driver/package.sh'
[1.746s] INFO:colcon.colcon_core.shell:Creating package script '/home/agathe/Documents/york/fall2025/robotics/project_ros_ws/ydlidar_ros2_ws/install/ydlidar_ros2_driver/share/ydlidar_ros2_driver/package.bash'
[1.747s] INFO:colcon.colcon_core.shell:Creating package script '/home/agathe/Documents/york/fall2025/robotics/project_ros_ws/ydlidar_ros2_ws/install/ydlidar_ros2_driver/share/ydlidar_ros2_driver/package.zsh'
[1.748s] Level 1:colcon.colcon_core.environment:create_file_with_runtime_dependencies(/home/agathe/Documents/york/fall2025/robotics/project_ros_ws/ydlidar_ros2_ws/install/ydlidar_ros2_driver/share/colcon-core/packages/ydlidar_ros2_driver)
[1.817s] Level 1:colcon.colcon_core.environment:create_environment_scripts_only(cartographer_ros_msgs)
[1.817s] Level 1:colcon.colcon_core.environment:checking '/home/agathe/Documents/york/fall2025/robotics/project_ros_ws/ydlidar_ros2_ws/install/cartographer_ros_msgs' for CMake module files
[1.818s] DEBUG:colcon.colcon_core.event_handler.log_command:Invoked command in '/home/agathe/Documents/york/fall2025/robotics/project_ros_ws/ydlidar_ros2_ws/build/cartographer_ros_msgs' returned '0': CMAKE_PREFIX_PATH=${CMAKE_PREFIX_PATH}:/home/agathe/Documents/york/fall2025/robotics/project_ros_ws/ydlidar_ros2_ws/install/slam:/home/agathe/Documents/york/fall2025/robotics/project_ros_ws/ydlidar_ros2_ws/install/simulation:/opt/ros/humble /usr/bin/cmake --install /home/agathe/Documents/york/fall2025/robotics/project_ros_ws/ydlidar_ros2_ws/build/cartographer_ros_msgs
[1.819s] Level 1:colcon.colcon_core.environment:checking '/home/agathe/Documents/york/fall2025/robotics/project_ros_ws/ydlidar_ros2_ws/install/cartographer_ros_msgs' for CMake config files
[1.820s] Level 1:colcon.colcon_core.shell:create_environment_hook('cartographer_ros_msgs', 'cmake_prefix_path')
[1.821s] INFO:colcon.colcon_core.shell:Creating environment hook '/home/agathe/Documents/york/fall2025/robotics/project_ros_ws/ydlidar_ros2_ws/install/cartographer_ros_msgs/share/cartographer_ros_msgs/hook/cmake_prefix_path.ps1'
[1.822s] INFO:colcon.colcon_core.shell:Creating environment descriptor '/home/agathe/Documents/york/fall2025/robotics/project_ros_ws/ydlidar_ros2_ws/install/cartographer_ros_msgs/share/cartographer_ros_msgs/hook/cmake_prefix_path.dsv'
[1.822s] INFO:colcon.colcon_core.shell:Creating environment hook '/home/agathe/Documents/york/fall2025/robotics/project_ros_ws/ydlidar_ros2_ws/install/cartographer_ros_msgs/share/cartographer_ros_msgs/hook/cmake_prefix_path.sh'
[1.824s] Level 1:colcon.colcon_core.environment:checking '/home/agathe/Documents/york/fall2025/robotics/project_ros_ws/ydlidar_ros2_ws/install/cartographer_ros_msgs/lib'
[1.824s] Level 1:colcon.colcon_core.shell:create_environment_hook('cartographer_ros_msgs', 'ld_library_path_lib')
[1.824s] INFO:colcon.colcon_core.shell:Creating environment hook '/home/agathe/Documents/york/fall2025/robotics/project_ros_ws/ydlidar_ros2_ws/install/cartographer_ros_msgs/share/cartographer_ros_msgs/hook/ld_library_path_lib.ps1'
[1.825s] INFO:colcon.colcon_core.shell:Creating environment descriptor '/home/agathe/Documents/york/fall2025/robotics/project_ros_ws/ydlidar_ros2_ws/install/cartographer_ros_msgs/share/cartographer_ros_msgs/hook/ld_library_path_lib.dsv'
[1.825s] INFO:colcon.colcon_core.shell:Creating environment hook '/home/agathe/Documents/york/fall2025/robotics/project_ros_ws/ydlidar_ros2_ws/install/cartographer_ros_msgs/share/cartographer_ros_msgs/hook/ld_library_path_lib.sh'
[1.826s] Level 1:colcon.colcon_core.environment:checking '/home/agathe/Documents/york/fall2025/robotics/project_ros_ws/ydlidar_ros2_ws/install/cartographer_ros_msgs/bin'
[1.826s] Level 1:colcon.colcon_core.environment:checking '/home/agathe/Documents/york/fall2025/robotics/project_ros_ws/ydlidar_ros2_ws/install/cartographer_ros_msgs/lib/pkgconfig/cartographer_ros_msgs.pc'
[1.827s] Level 1:colcon.colcon_core.environment:checking '/home/agathe/Documents/york/fall2025/robotics/project_ros_ws/ydlidar_ros2_ws/install/cartographer_ros_msgs/lib/python3.10/site-packages'
[1.827s] Level 1:colcon.colcon_core.environment:checking '/home/agathe/Documents/york/fall2025/robotics/project_ros_ws/ydlidar_ros2_ws/install/cartographer_ros_msgs/bin'
[1.828s] INFO:colcon.colcon_core.shell:Creating package script '/home/agathe/Documents/york/fall2025/robotics/project_ros_ws/ydlidar_ros2_ws/install/cartographer_ros_msgs/share/cartographer_ros_msgs/package.ps1'
[1.829s] INFO:colcon.colcon_core.shell:Creating package descriptor '/home/agathe/Documents/york/fall2025/robotics/project_ros_ws/ydlidar_ros2_ws/install/cartographer_ros_msgs/share/cartographer_ros_msgs/package.dsv'
[1.829s] INFO:colcon.colcon_core.shell:Creating package script '/home/agathe/Documents/york/fall2025/robotics/project_ros_ws/ydlidar_ros2_ws/install/cartographer_ros_msgs/share/cartographer_ros_msgs/package.sh'
[1.830s] INFO:colcon.colcon_core.shell:Creating package script '/home/agathe/Documents/york/fall2025/robotics/project_ros_ws/ydlidar_ros2_ws/install/cartographer_ros_msgs/share/cartographer_ros_msgs/package.bash'
[1.831s] INFO:colcon.colcon_core.shell:Creating package script '/home/agathe/Documents/york/fall2025/robotics/project_ros_ws/ydlidar_ros2_ws/install/cartographer_ros_msgs/share/cartographer_ros_msgs/package.zsh'
[1.831s] Level 1:colcon.colcon_core.environment:create_file_with_runtime_dependencies(/home/agathe/Documents/york/fall2025/robotics/project_ros_ws/ydlidar_ros2_ws/install/cartographer_ros_msgs/share/colcon-core/packages/cartographer_ros_msgs)
[1.832s] Level 1:colcon.colcon_core.environment:create_environment_scripts_only(cartographer_ros_msgs)
[1.833s] Level 1:colcon.colcon_core.environment:checking '/home/agathe/Documents/york/fall2025/robotics/project_ros_ws/ydlidar_ros2_ws/install/cartographer_ros_msgs' for CMake module files
[1.834s] Level 1:colcon.colcon_core.environment:checking '/home/agathe/Documents/york/fall2025/robotics/project_ros_ws/ydlidar_ros2_ws/install/cartographer_ros_msgs' for CMake config files
[1.835s] Level 1:colcon.colcon_core.shell:create_environment_hook('cartographer_ros_msgs', 'cmake_prefix_path')
[1.835s] INFO:colcon.colcon_core.shell:Creating environment hook '/home/agathe/Documents/york/fall2025/robotics/project_ros_ws/ydlidar_ros2_ws/install/cartographer_ros_msgs/share/cartographer_ros_msgs/hook/cmake_prefix_path.ps1'
[1.836s] INFO:colcon.colcon_core.shell:Creating environment descriptor '/home/agathe/Documents/york/fall2025/robotics/project_ros_ws/ydlidar_ros2_ws/install/cartographer_ros_msgs/share/cartographer_ros_msgs/hook/cmake_prefix_path.dsv'
[1.837s] INFO:colcon.colcon_core.shell:Creating environment hook '/home/agathe/Documents/york/fall2025/robotics/project_ros_ws/ydlidar_ros2_ws/install/cartographer_ros_msgs/share/cartographer_ros_msgs/hook/cmake_prefix_path.sh'
[1.837s] Level 1:colcon.colcon_core.environment:checking '/home/agathe/Documents/york/fall2025/robotics/project_ros_ws/ydlidar_ros2_ws/install/cartographer_ros_msgs/lib'
[1.838s] Level 1:colcon.colcon_core.shell:create_environment_hook('cartographer_ros_msgs', 'ld_library_path_lib')
[1.838s] INFO:colcon.colcon_core.shell:Creating environment hook '/home/agathe/Documents/york/fall2025/robotics/project_ros_ws/ydlidar_ros2_ws/install/cartographer_ros_msgs/share/cartographer_ros_msgs/hook/ld_library_path_lib.ps1'
[1.839s] INFO:colcon.colcon_core.shell:Creating environment descriptor '/home/agathe/Documents/york/fall2025/robotics/project_ros_ws/ydlidar_ros2_ws/install/cartographer_ros_msgs/share/cartographer_ros_msgs/hook/ld_library_path_lib.dsv'
[1.839s] INFO:colcon.colcon_core.shell:Creating environment hook '/home/agathe/Documents/york/fall2025/robotics/project_ros_ws/ydlidar_ros2_ws/install/cartographer_ros_msgs/share/cartographer_ros_msgs/hook/ld_library_path_lib.sh'
[1.840s] Level 1:colcon.colcon_core.environment:checking '/home/agathe/Documents/york/fall2025/robotics/project_ros_ws/ydlidar_ros2_ws/install/cartographer_ros_msgs/bin'
[1.840s] Level 1:colcon.colcon_core.environment:checking '/home/agathe/Documents/york/fall2025/robotics/project_ros_ws/ydlidar_ros2_ws/install/cartographer_ros_msgs/lib/pkgconfig/cartographer_ros_msgs.pc'
[1.840s] Level 1:colcon.colcon_core.environment:checking '/home/agathe/Documents/york/fall2025/robotics/project_ros_ws/ydlidar_ros2_ws/install/cartographer_ros_msgs/lib/python3.10/site-packages'
[1.841s] Level 1:colcon.colcon_core.environment:checking '/home/agathe/Documents/york/fall2025/robotics/project_ros_ws/ydlidar_ros2_ws/install/cartographer_ros_msgs/bin'
[1.842s] INFO:colcon.colcon_core.shell:Creating package script '/home/agathe/Documents/york/fall2025/robotics/project_ros_ws/ydlidar_ros2_ws/install/cartographer_ros_msgs/share/cartographer_ros_msgs/package.ps1'
[1.843s] INFO:colcon.colcon_core.shell:Creating package descriptor '/home/agathe/Documents/york/fall2025/robotics/project_ros_ws/ydlidar_ros2_ws/install/cartographer_ros_msgs/share/cartographer_ros_msgs/package.dsv'
[1.843s] INFO:colcon.colcon_core.shell:Creating package script '/home/agathe/Documents/york/fall2025/robotics/project_ros_ws/ydlidar_ros2_ws/install/cartographer_ros_msgs/share/cartographer_ros_msgs/package.sh'
[1.844s] INFO:colcon.colcon_core.shell:Creating package script '/home/agathe/Documents/york/fall2025/robotics/project_ros_ws/ydlidar_ros2_ws/install/cartographer_ros_msgs/share/cartographer_ros_msgs/package.bash'
[1.845s] INFO:colcon.colcon_core.shell:Creating package script '/home/agathe/Documents/york/fall2025/robotics/project_ros_ws/ydlidar_ros2_ws/install/cartographer_ros_msgs/share/cartographer_ros_msgs/package.zsh'
[1.845s] Level 1:colcon.colcon_core.environment:create_file_with_runtime_dependencies(/home/agathe/Documents/york/fall2025/robotics/project_ros_ws/ydlidar_ros2_ws/install/cartographer_ros_msgs/share/colcon-core/packages/cartographer_ros_msgs)
[1.846s] INFO:colcon.colcon_ros.task.ament_cmake.build:Building ROS package in '/home/agathe/Documents/york/fall2025/robotics/project_ros_ws/ydlidar_ros2_ws/src/cartographer_ros/cartographer_ros' with build type 'ament_cmake'
[1.846s] INFO:colcon.colcon_cmake.task.cmake.build:Building CMake package in '/home/agathe/Documents/york/fall2025/robotics/project_ros_ws/ydlidar_ros2_ws/src/cartographer_ros/cartographer_ros'
[1.847s] INFO:colcon.colcon_core.shell:Skip shell extension 'powershell' for command environment: Not usable outside of PowerShell
[1.847s] DEBUG:colcon.colcon_core.shell:Skip shell extension 'dsv' for command environment
[1.865s] DEBUG:colcon.colcon_core.event_handler.log_command:Invoking command in '/home/agathe/Documents/york/fall2025/robotics/project_ros_ws/ydlidar_ros2_ws/build/cartographer_ros': AMENT_PREFIX_PATH=/home/agathe/Documents/york/fall2025/robotics/project_ros_ws/ydlidar_ros2_ws/install/cartographer_ros_msgs:${AMENT_PREFIX_PATH} CMAKE_PREFIX_PATH=/home/agathe/Documents/york/fall2025/robotics/project_ros_ws/ydlidar_ros2_ws/install/cartographer_ros_msgs:/home/agathe/Documents/york/fall2025/robotics/project_ros_ws/ydlidar_ros2_ws/install/ydlidar_ros2_driver:/home/agathe/Documents/york/fall2025/robotics/project_ros_ws/ydlidar_ros2_ws/install/slam:/home/agathe/Documents/york/fall2025/robotics/project_ros_ws/ydlidar_ros2_ws/install/simulation:/opt/ros/humble LD_LIBRARY_PATH=/home/agathe/Documents/york/fall2025/robotics/project_ros_ws/ydlidar_ros2_ws/install/cartographer_ros_msgs/lib:${LD_LIBRARY_PATH} PYTHONPATH=/home/agathe/Documents/york/fall2025/robotics/project_ros_ws/ydlidar_ros2_ws/install/cartographer_ros_msgs/local/lib/python3.10/dist-packages:${PYTHONPATH} /usr/bin/cmake --build /home/agathe/Documents/york/fall2025/robotics/project_ros_ws/ydlidar_ros2_ws/build/cartographer_ros -- -j8 -l8
[26.376s] DEBUG:colcon.colcon_core.event_handler.log_command:Invoked command in '/home/agathe/Documents/york/fall2025/robotics/project_ros_ws/ydlidar_ros2_ws/build/cartographer_ros' returned '0': AMENT_PREFIX_PATH=/home/agathe/Documents/york/fall2025/robotics/project_ros_ws/ydlidar_ros2_ws/install/cartographer_ros_msgs:${AMENT_PREFIX_PATH} CMAKE_PREFIX_PATH=/home/agathe/Documents/york/fall2025/robotics/project_ros_ws/ydlidar_ros2_ws/install/cartographer_ros_msgs:/home/agathe/Documents/york/fall2025/robotics/project_ros_ws/ydlidar_ros2_ws/install/ydlidar_ros2_driver:/home/agathe/Documents/york/fall2025/robotics/project_ros_ws/ydlidar_ros2_ws/install/slam:/home/agathe/Documents/york/fall2025/robotics/project_ros_ws/ydlidar_ros2_ws/install/simulation:/opt/ros/humble LD_LIBRARY_PATH=/home/agathe/Documents/york/fall2025/robotics/project_ros_ws/ydlidar_ros2_ws/install/cartographer_ros_msgs/lib:${LD_LIBRARY_PATH} PYTHONPATH=/home/agathe/Documents/york/fall2025/robotics/project_ros_ws/ydlidar_ros2_ws/install/cartographer_ros_msgs/local/lib/python3.10/dist-packages:${PYTHONPATH} /usr/bin/cmake --build /home/agathe/Documents/york/fall2025/robotics/project_ros_ws/ydlidar_ros2_ws/build/cartographer_ros -- -j8 -l8
[26.379s] DEBUG:colcon.colcon_core.event_handler.log_command:Invoking command in '/home/agathe/Documents/york/fall2025/robotics/project_ros_ws/ydlidar_ros2_ws/build/cartographer_ros': AMENT_PREFIX_PATH=/home/agathe/Documents/york/fall2025/robotics/project_ros_ws/ydlidar_ros2_ws/install/cartographer_ros_msgs:${AMENT_PREFIX_PATH} CMAKE_PREFIX_PATH=/home/agathe/Documents/york/fall2025/robotics/project_ros_ws/ydlidar_ros2_ws/install/cartographer_ros_msgs:/home/agathe/Documents/york/fall2025/robotics/project_ros_ws/ydlidar_ros2_ws/install/ydlidar_ros2_driver:/home/agathe/Documents/york/fall2025/robotics/project_ros_ws/ydlidar_ros2_ws/install/slam:/home/agathe/Documents/york/fall2025/robotics/project_ros_ws/ydlidar_ros2_ws/install/simulation:/opt/ros/humble LD_LIBRARY_PATH=/home/agathe/Documents/york/fall2025/robotics/project_ros_ws/ydlidar_ros2_ws/install/cartographer_ros_msgs/lib:${LD_LIBRARY_PATH} PYTHONPATH=/home/agathe/Documents/york/fall2025/robotics/project_ros_ws/ydlidar_ros2_ws/install/cartographer_ros_msgs/local/lib/python3.10/dist-packages:${PYTHONPATH} /usr/bin/cmake --install /home/agathe/Documents/york/fall2025/robotics/project_ros_ws/ydlidar_ros2_ws/build/cartographer_ros
[26.520s] Level 1:colcon.colcon_core.environment:create_environment_scripts_only(cartographer_ros)
[26.521s] Level 1:colcon.colcon_core.environment:checking '/home/agathe/Documents/york/fall2025/robotics/project_ros_ws/ydlidar_ros2_ws/install/cartographer_ros' for CMake module files
[26.522s] DEBUG:colcon.colcon_core.event_handler.log_command:Invoked command in '/home/agathe/Documents/york/fall2025/robotics/project_ros_ws/ydlidar_ros2_ws/build/cartographer_ros' returned '0': AMENT_PREFIX_PATH=/home/agathe/Documents/york/fall2025/robotics/project_ros_ws/ydlidar_ros2_ws/install/cartographer_ros_msgs:${AMENT_PREFIX_PATH} CMAKE_PREFIX_PATH=/home/agathe/Documents/york/fall2025/robotics/project_ros_ws/ydlidar_ros2_ws/install/cartographer_ros_msgs:/home/agathe/Documents/york/fall2025/robotics/project_ros_ws/ydlidar_ros2_ws/install/ydlidar_ros2_driver:/home/agathe/Documents/york/fall2025/robotics/project_ros_ws/ydlidar_ros2_ws/install/slam:/home/agathe/Documents/york/fall2025/robotics/project_ros_ws/ydlidar_ros2_ws/install/simulation:/opt/ros/humble LD_LIBRARY_PATH=/home/agathe/Documents/york/fall2025/robotics/project_ros_ws/ydlidar_ros2_ws/install/cartographer_ros_msgs/lib:${LD_LIBRARY_PATH} PYTHONPATH=/home/agathe/Documents/york/fall2025/robotics/project_ros_ws/ydlidar_ros2_ws/install/cartographer_ros_msgs/local/lib/python3.10/dist-packages:${PYTHONPATH} /usr/bin/cmake --install /home/agathe/Documents/york/fall2025/robotics/project_ros_ws/ydlidar_ros2_ws/build/cartographer_ros
[26.523s] Level 1:colcon.colcon_core.environment:checking '/home/agathe/Documents/york/fall2025/robotics/project_ros_ws/ydlidar_ros2_ws/install/cartographer_ros' for CMake config files
[26.524s] Level 1:colcon.colcon_core.shell:create_environment_hook('cartographer_ros', 'cmake_prefix_path')
[26.524s] INFO:colcon.colcon_core.shell:Creating environment hook '/home/agathe/Documents/york/fall2025/robotics/project_ros_ws/ydlidar_ros2_ws/install/cartographer_ros/share/cartographer_ros/hook/cmake_prefix_path.ps1'
[26.525s] INFO:colcon.colcon_core.shell:Creating environment descriptor '/home/agathe/Documents/york/fall2025/robotics/project_ros_ws/ydlidar_ros2_ws/install/cartographer_ros/share/cartographer_ros/hook/cmake_prefix_path.dsv'
[26.526s] INFO:colcon.colcon_core.shell:Creating environment hook '/home/agathe/Documents/york/fall2025/robotics/project_ros_ws/ydlidar_ros2_ws/install/cartographer_ros/share/cartographer_ros/hook/cmake_prefix_path.sh'
[26.527s] Level 1:colcon.colcon_core.environment:checking '/home/agathe/Documents/york/fall2025/robotics/project_ros_ws/ydlidar_ros2_ws/install/cartographer_ros/lib'
[26.527s] Level 1:colcon.colcon_core.shell:create_environment_hook('cartographer_ros', 'ld_library_path_lib')
[26.527s] INFO:colcon.colcon_core.shell:Creating environment hook '/home/agathe/Documents/york/fall2025/robotics/project_ros_ws/ydlidar_ros2_ws/install/cartographer_ros/share/cartographer_ros/hook/ld_library_path_lib.ps1'
[26.528s] INFO:colcon.colcon_core.shell:Creating environment descriptor '/home/agathe/Documents/york/fall2025/robotics/project_ros_ws/ydlidar_ros2_ws/install/cartographer_ros/share/cartographer_ros/hook/ld_library_path_lib.dsv'
[26.528s] INFO:colcon.colcon_core.shell:Creating environment hook '/home/agathe/Documents/york/fall2025/robotics/project_ros_ws/ydlidar_ros2_ws/install/cartographer_ros/share/cartographer_ros/hook/ld_library_path_lib.sh'
[26.529s] Level 1:colcon.colcon_core.environment:checking '/home/agathe/Documents/york/fall2025/robotics/project_ros_ws/ydlidar_ros2_ws/install/cartographer_ros/bin'
[26.529s] Level 1:colcon.colcon_core.environment:checking '/home/agathe/Documents/york/fall2025/robotics/project_ros_ws/ydlidar_ros2_ws/install/cartographer_ros/lib/pkgconfig/cartographer_ros.pc'
[26.530s] Level 1:colcon.colcon_core.environment:checking '/home/agathe/Documents/york/fall2025/robotics/project_ros_ws/ydlidar_ros2_ws/install/cartographer_ros/lib/python3.10/site-packages'
[26.530s] Level 1:colcon.colcon_core.environment:checking '/home/agathe/Documents/york/fall2025/robotics/project_ros_ws/ydlidar_ros2_ws/install/cartographer_ros/bin'
[26.531s] INFO:colcon.colcon_core.shell:Creating package script '/home/agathe/Documents/york/fall2025/robotics/project_ros_ws/ydlidar_ros2_ws/install/cartographer_ros/share/cartographer_ros/package.ps1'
[26.532s] INFO:colcon.colcon_core.shell:Creating package descriptor '/home/agathe/Documents/york/fall2025/robotics/project_ros_ws/ydlidar_ros2_ws/install/cartographer_ros/share/cartographer_ros/package.dsv'
[26.532s] INFO:colcon.colcon_core.shell:Creating package script '/home/agathe/Documents/york/fall2025/robotics/project_ros_ws/ydlidar_ros2_ws/install/cartographer_ros/share/cartographer_ros/package.sh'
[26.533s] INFO:colcon.colcon_core.shell:Creating package script '/home/agathe/Documents/york/fall2025/robotics/project_ros_ws/ydlidar_ros2_ws/install/cartographer_ros/share/cartographer_ros/package.bash'
[26.534s] INFO:colcon.colcon_core.shell:Creating package script '/home/agathe/Documents/york/fall2025/robotics/project_ros_ws/ydlidar_ros2_ws/install/cartographer_ros/share/cartographer_ros/package.zsh'
[26.534s] Level 1:colcon.colcon_core.environment:create_file_with_runtime_dependencies(/home/agathe/Documents/york/fall2025/robotics/project_ros_ws/ydlidar_ros2_ws/install/cartographer_ros/share/colcon-core/packages/cartographer_ros)
[26.535s] Level 1:colcon.colcon_core.environment:create_environment_scripts_only(cartographer_ros)
[26.536s] Level 1:colcon.colcon_core.environment:checking '/home/agathe/Documents/york/fall2025/robotics/project_ros_ws/ydlidar_ros2_ws/install/cartographer_ros' for CMake module files
[26.537s] Level 1:colcon.colcon_core.environment:checking '/home/agathe/Documents/york/fall2025/robotics/project_ros_ws/ydlidar_ros2_ws/install/cartographer_ros' for CMake config files
[26.538s] Level 1:colcon.colcon_core.shell:create_environment_hook('cartographer_ros', 'cmake_prefix_path')
[26.538s] INFO:colcon.colcon_core.shell:Creating environment hook '/home/agathe/Documents/york/fall2025/robotics/project_ros_ws/ydlidar_ros2_ws/install/cartographer_ros/share/cartographer_ros/hook/cmake_prefix_path.ps1'
[26.539s] INFO:colcon.colcon_core.shell:Creating environment descriptor '/home/agathe/Documents/york/fall2025/robotics/project_ros_ws/ydlidar_ros2_ws/install/cartographer_ros/share/cartographer_ros/hook/cmake_prefix_path.dsv'
[26.539s] INFO:colcon.colcon_core.shell:Creating environment hook '/home/agathe/Documents/york/fall2025/robotics/project_ros_ws/ydlidar_ros2_ws/install/cartographer_ros/share/cartographer_ros/hook/cmake_prefix_path.sh'
[26.541s] Level 1:colcon.colcon_core.environment:checking '/home/agathe/Documents/york/fall2025/robotics/project_ros_ws/ydlidar_ros2_ws/install/cartographer_ros/lib'
[26.541s] Level 1:colcon.colcon_core.shell:create_environment_hook('cartographer_ros', 'ld_library_path_lib')
[26.541s] INFO:colcon.colcon_core.shell:Creating environment hook '/home/agathe/Documents/york/fall2025/robotics/project_ros_ws/ydlidar_ros2_ws/install/cartographer_ros/share/cartographer_ros/hook/ld_library_path_lib.ps1'
[26.542s] INFO:colcon.colcon_core.shell:Creating environment descriptor '/home/agathe/Documents/york/fall2025/robotics/project_ros_ws/ydlidar_ros2_ws/install/cartographer_ros/share/cartographer_ros/hook/ld_library_path_lib.dsv'
[26.543s] INFO:colcon.colcon_core.shell:Creating environment hook '/home/agathe/Documents/york/fall2025/robotics/project_ros_ws/ydlidar_ros2_ws/install/cartographer_ros/share/cartographer_ros/hook/ld_library_path_lib.sh'
[26.543s] Level 1:colcon.colcon_core.environment:checking '/home/agathe/Documents/york/fall2025/robotics/project_ros_ws/ydlidar_ros2_ws/install/cartographer_ros/bin'
[26.544s] Level 1:colcon.colcon_core.environment:checking '/home/agathe/Documents/york/fall2025/robotics/project_ros_ws/ydlidar_ros2_ws/install/cartographer_ros/lib/pkgconfig/cartographer_ros.pc'
[26.544s] Level 1:colcon.colcon_core.environment:checking '/home/agathe/Documents/york/fall2025/robotics/project_ros_ws/ydlidar_ros2_ws/install/cartographer_ros/lib/python3.10/site-packages'
[26.545s] Level 1:colcon.colcon_core.environment:checking '/home/agathe/Documents/york/fall2025/robotics/project_ros_ws/ydlidar_ros2_ws/install/cartographer_ros/bin'
[26.545s] INFO:colcon.colcon_core.shell:Creating package script '/home/agathe/Documents/york/fall2025/robotics/project_ros_ws/ydlidar_ros2_ws/install/cartographer_ros/share/cartographer_ros/package.ps1'
[26.546s] INFO:colcon.colcon_core.shell:Creating package descriptor '/home/agathe/Documents/york/fall2025/robotics/project_ros_ws/ydlidar_ros2_ws/install/cartographer_ros/share/cartographer_ros/package.dsv'
[26.547s] INFO:colcon.colcon_core.shell:Creating package script '/home/agathe/Documents/york/fall2025/robotics/project_ros_ws/ydlidar_ros2_ws/install/cartographer_ros/share/cartographer_ros/package.sh'
[26.548s] INFO:colcon.colcon_core.shell:Creating package script '/home/agathe/Documents/york/fall2025/robotics/project_ros_ws/ydlidar_ros2_ws/install/cartographer_ros/share/cartographer_ros/package.bash'
[26.549s] INFO:colcon.colcon_core.shell:Creating package script '/home/agathe/Documents/york/fall2025/robotics/project_ros_ws/ydlidar_ros2_ws/install/cartographer_ros/share/cartographer_ros/package.zsh'
[26.550s] Level 1:colcon.colcon_core.environment:create_file_with_runtime_dependencies(/home/agathe/Documents/york/fall2025/robotics/project_ros_ws/ydlidar_ros2_ws/install/cartographer_ros/share/colcon-core/packages/cartographer_ros)
[26.550s] INFO:colcon.colcon_ros.task.ament_cmake.build:Building ROS package in '/home/agathe/Documents/york/fall2025/robotics/project_ros_ws/ydlidar_ros2_ws/src/cartographer_ros/cartographer_rviz' with build type 'ament_cmake'
[26.550s] INFO:colcon.colcon_cmake.task.cmake.build:Building CMake package in '/home/agathe/Documents/york/fall2025/robotics/project_ros_ws/ydlidar_ros2_ws/src/cartographer_ros/cartographer_rviz'
[26.551s] INFO:colcon.colcon_core.shell:Skip shell extension 'powershell' for command environment: Not usable outside of PowerShell
[26.551s] DEBUG:colcon.colcon_core.shell:Skip shell extension 'dsv' for command environment
[26.573s] DEBUG:colcon.colcon_core.event_handler.log_command:Invoking command in '/home/agathe/Documents/york/fall2025/robotics/project_ros_ws/ydlidar_ros2_ws/build/cartographer_rviz': AMENT_PREFIX_PATH=/home/agathe/Documents/york/fall2025/robotics/project_ros_ws/ydlidar_ros2_ws/install/cartographer_ros:/home/agathe/Documents/york/fall2025/robotics/project_ros_ws/ydlidar_ros2_ws/install/cartographer_ros_msgs:${AMENT_PREFIX_PATH} CMAKE_PREFIX_PATH=/home/agathe/Documents/york/fall2025/robotics/project_ros_ws/ydlidar_ros2_ws/install/cartographer_ros:/home/agathe/Documents/york/fall2025/robotics/project_ros_ws/ydlidar_ros2_ws/install/cartographer_ros_msgs:/home/agathe/Documents/york/fall2025/robotics/project_ros_ws/ydlidar_ros2_ws/install/ydlidar_ros2_driver:/home/agathe/Documents/york/fall2025/robotics/project_ros_ws/ydlidar_ros2_ws/install/slam:/home/agathe/Documents/york/fall2025/robotics/project_ros_ws/ydlidar_ros2_ws/install/simulation:/opt/ros/humble LD_LIBRARY_PATH=/home/agathe/Documents/york/fall2025/robotics/project_ros_ws/ydlidar_ros2_ws/install/cartographer_ros/lib:/home/agathe/Documents/york/fall2025/robotics/project_ros_ws/ydlidar_ros2_ws/install/cartographer_ros_msgs/lib:${LD_LIBRARY_PATH} PYTHONPATH=/home/agathe/Documents/york/fall2025/robotics/project_ros_ws/ydlidar_ros2_ws/install/cartographer_ros_msgs/local/lib/python3.10/dist-packages:${PYTHONPATH} /usr/bin/cmake /home/agathe/Documents/york/fall2025/robotics/project_ros_ws/ydlidar_ros2_ws/src/cartographer_ros/cartographer_rviz -DAMENT_CMAKE_SYMLINK_INSTALL=1 -DCMAKE_INSTALL_PREFIX=/home/agathe/Documents/york/fall2025/robotics/project_ros_ws/ydlidar_ros2_ws/install/cartographer_rviz
[28.082s] DEBUG:colcon.colcon_core.event_handler.log_command:Invoked command in '/home/agathe/Documents/york/fall2025/robotics/project_ros_ws/ydlidar_ros2_ws/build/cartographer_rviz' returned '0': AMENT_PREFIX_PATH=/home/agathe/Documents/york/fall2025/robotics/project_ros_ws/ydlidar_ros2_ws/install/cartographer_ros:/home/agathe/Documents/york/fall2025/robotics/project_ros_ws/ydlidar_ros2_ws/install/cartographer_ros_msgs:${AMENT_PREFIX_PATH} CMAKE_PREFIX_PATH=/home/agathe/Documents/york/fall2025/robotics/project_ros_ws/ydlidar_ros2_ws/install/cartographer_ros:/home/agathe/Documents/york/fall2025/robotics/project_ros_ws/ydlidar_ros2_ws/install/cartographer_ros_msgs:/home/agathe/Documents/york/fall2025/robotics/project_ros_ws/ydlidar_ros2_ws/install/ydlidar_ros2_driver:/home/agathe/Documents/york/fall2025/robotics/project_ros_ws/ydlidar_ros2_ws/install/slam:/home/agathe/Documents/york/fall2025/robotics/project_ros_ws/ydlidar_ros2_ws/install/simulation:/opt/ros/humble LD_LIBRARY_PATH=/home/agathe/Documents/york/fall2025/robotics/project_ros_ws/ydlidar_ros2_ws/install/cartographer_ros/lib:/home/agathe/Documents/york/fall2025/robotics/project_ros_ws/ydlidar_ros2_ws/install/cartographer_ros_msgs/lib:${LD_LIBRARY_PATH} PYTHONPATH=/home/agathe/Documents/york/fall2025/robotics/project_ros_ws/ydlidar_ros2_ws/install/cartographer_ros_msgs/local/lib/python3.10/dist-packages:${PYTHONPATH} /usr/bin/cmake /home/agathe/Documents/york/fall2025/robotics/project_ros_ws/ydlidar_ros2_ws/src/cartographer_ros/cartographer_rviz -DAMENT_CMAKE_SYMLINK_INSTALL=1 -DCMAKE_INSTALL_PREFIX=/home/agathe/Documents/york/fall2025/robotics/project_ros_ws/ydlidar_ros2_ws/install/cartographer_rviz
[28.085s] DEBUG:colcon.colcon_core.event_handler.log_command:Invoking command in '/home/agathe/Documents/york/fall2025/robotics/project_ros_ws/ydlidar_ros2_ws/build/cartographer_rviz': AMENT_PREFIX_PATH=/home/agathe/Documents/york/fall2025/robotics/project_ros_ws/ydlidar_ros2_ws/install/cartographer_ros:/home/agathe/Documents/york/fall2025/robotics/project_ros_ws/ydlidar_ros2_ws/install/cartographer_ros_msgs:${AMENT_PREFIX_PATH} CMAKE_PREFIX_PATH=/home/agathe/Documents/york/fall2025/robotics/project_ros_ws/ydlidar_ros2_ws/install/cartographer_ros:/home/agathe/Documents/york/fall2025/robotics/project_ros_ws/ydlidar_ros2_ws/install/cartographer_ros_msgs:/home/agathe/Documents/york/fall2025/robotics/project_ros_ws/ydlidar_ros2_ws/install/ydlidar_ros2_driver:/home/agathe/Documents/york/fall2025/robotics/project_ros_ws/ydlidar_ros2_ws/install/slam:/home/agathe/Documents/york/fall2025/robotics/project_ros_ws/ydlidar_ros2_ws/install/simulation:/opt/ros/humble LD_LIBRARY_PATH=/home/agathe/Documents/york/fall2025/robotics/project_ros_ws/ydlidar_ros2_ws/install/cartographer_ros/lib:/home/agathe/Documents/york/fall2025/robotics/project_ros_ws/ydlidar_ros2_ws/install/cartographer_ros_msgs/lib:${LD_LIBRARY_PATH} PYTHONPATH=/home/agathe/Documents/york/fall2025/robotics/project_ros_ws/ydlidar_ros2_ws/install/cartographer_ros_msgs/local/lib/python3.10/dist-packages:${PYTHONPATH} /usr/bin/cmake --build /home/agathe/Documents/york/fall2025/robotics/project_ros_ws/ydlidar_ros2_ws/build/cartographer_rviz -- -j8 -l8
[74.454s] DEBUG:colcon.colcon_core.event_handler.log_command:Invoked command in '/home/agathe/Documents/york/fall2025/robotics/project_ros_ws/ydlidar_ros2_ws/build/cartographer_rviz' returned '0': AMENT_PREFIX_PATH=/home/agathe/Documents/york/fall2025/robotics/project_ros_ws/ydlidar_ros2_ws/install/cartographer_ros:/home/agathe/Documents/york/fall2025/robotics/project_ros_ws/ydlidar_ros2_ws/install/cartographer_ros_msgs:${AMENT_PREFIX_PATH} CMAKE_PREFIX_PATH=/home/agathe/Documents/york/fall2025/robotics/project_ros_ws/ydlidar_ros2_ws/install/cartographer_ros:/home/agathe/Documents/york/fall2025/robotics/project_ros_ws/ydlidar_ros2_ws/install/cartographer_ros_msgs:/home/agathe/Documents/york/fall2025/robotics/project_ros_ws/ydlidar_ros2_ws/install/ydlidar_ros2_driver:/home/agathe/Documents/york/fall2025/robotics/project_ros_ws/ydlidar_ros2_ws/install/slam:/home/agathe/Documents/york/fall2025/robotics/project_ros_ws/ydlidar_ros2_ws/install/simulation:/opt/ros/humble LD_LIBRARY_PATH=/home/agathe/Documents/york/fall2025/robotics/project_ros_ws/ydlidar_ros2_ws/install/cartographer_ros/lib:/home/agathe/Documents/york/fall2025/robotics/project_ros_ws/ydlidar_ros2_ws/install/cartographer_ros_msgs/lib:${LD_LIBRARY_PATH} PYTHONPATH=/home/agathe/Documents/york/fall2025/robotics/project_ros_ws/ydlidar_ros2_ws/install/cartographer_ros_msgs/local/lib/python3.10/dist-packages:${PYTHONPATH} /usr/bin/cmake --build /home/agathe/Documents/york/fall2025/robotics/project_ros_ws/ydlidar_ros2_ws/build/cartographer_rviz -- -j8 -l8
[74.457s] DEBUG:colcon.colcon_core.event_handler.log_command:Invoking command in '/home/agathe/Documents/york/fall2025/robotics/project_ros_ws/ydlidar_ros2_ws/build/cartographer_rviz': AMENT_PREFIX_PATH=/home/agathe/Documents/york/fall2025/robotics/project_ros_ws/ydlidar_ros2_ws/install/cartographer_ros:/home/agathe/Documents/york/fall2025/robotics/project_ros_ws/ydlidar_ros2_ws/install/cartographer_ros_msgs:${AMENT_PREFIX_PATH} CMAKE_PREFIX_PATH=/home/agathe/Documents/york/fall2025/robotics/project_ros_ws/ydlidar_ros2_ws/install/cartographer_ros:/home/agathe/Documents/york/fall2025/robotics/project_ros_ws/ydlidar_ros2_ws/install/cartographer_ros_msgs:/home/agathe/Documents/york/fall2025/robotics/project_ros_ws/ydlidar_ros2_ws/install/ydlidar_ros2_driver:/home/agathe/Documents/york/fall2025/robotics/project_ros_ws/ydlidar_ros2_ws/install/slam:/home/agathe/Documents/york/fall2025/robotics/project_ros_ws/ydlidar_ros2_ws/install/simulation:/opt/ros/humble LD_LIBRARY_PATH=/home/agathe/Documents/york/fall2025/robotics/project_ros_ws/ydlidar_ros2_ws/install/cartographer_ros/lib:/home/agathe/Documents/york/fall2025/robotics/project_ros_ws/ydlidar_ros2_ws/install/cartographer_ros_msgs/lib:${LD_LIBRARY_PATH} PYTHONPATH=/home/agathe/Documents/york/fall2025/robotics/project_ros_ws/ydlidar_ros2_ws/install/cartographer_ros_msgs/local/lib/python3.10/dist-packages:${PYTHONPATH} /usr/bin/cmake --install /home/agathe/Documents/york/fall2025/robotics/project_ros_ws/ydlidar_ros2_ws/build/cartographer_rviz
[74.880s] Level 1:colcon.colcon_core.environment:create_environment_scripts_only(cartographer_rviz)
[74.881s] Level 1:colcon.colcon_core.environment:checking '/home/agathe/Documents/york/fall2025/robotics/project_ros_ws/ydlidar_ros2_ws/install/cartographer_rviz' for CMake module files
[74.882s] DEBUG:colcon.colcon_core.event_handler.log_command:Invoked command in '/home/agathe/Documents/york/fall2025/robotics/project_ros_ws/ydlidar_ros2_ws/build/cartographer_rviz' returned '0': AMENT_PREFIX_PATH=/home/agathe/Documents/york/fall2025/robotics/project_ros_ws/ydlidar_ros2_ws/install/cartographer_ros:/home/agathe/Documents/york/fall2025/robotics/project_ros_ws/ydlidar_ros2_ws/install/cartographer_ros_msgs:${AMENT_PREFIX_PATH} CMAKE_PREFIX_PATH=/home/agathe/Documents/york/fall2025/robotics/project_ros_ws/ydlidar_ros2_ws/install/cartographer_ros:/home/agathe/Documents/york/fall2025/robotics/project_ros_ws/ydlidar_ros2_ws/install/cartographer_ros_msgs:/home/agathe/Documents/york/fall2025/robotics/project_ros_ws/ydlidar_ros2_ws/install/ydlidar_ros2_driver:/home/agathe/Documents/york/fall2025/robotics/project_ros_ws/ydlidar_ros2_ws/install/slam:/home/agathe/Documents/york/fall2025/robotics/project_ros_ws/ydlidar_ros2_ws/install/simulation:/opt/ros/humble LD_LIBRARY_PATH=/home/agathe/Documents/york/fall2025/robotics/project_ros_ws/ydlidar_ros2_ws/install/cartographer_ros/lib:/home/agathe/Documents/york/fall2025/robotics/project_ros_ws/ydlidar_ros2_ws/install/cartographer_ros_msgs/lib:${LD_LIBRARY_PATH} PYTHONPATH=/home/agathe/Documents/york/fall2025/robotics/project_ros_ws/ydlidar_ros2_ws/install/cartographer_ros_msgs/local/lib/python3.10/dist-packages:${PYTHONPATH} /usr/bin/cmake --install /home/agathe/Documents/york/fall2025/robotics/project_ros_ws/ydlidar_ros2_ws/build/cartographer_rviz
[74.882s] Level 1:colcon.colcon_core.environment:checking '/home/agathe/Documents/york/fall2025/robotics/project_ros_ws/ydlidar_ros2_ws/install/cartographer_rviz' for CMake config files
[74.883s] Level 1:colcon.colcon_core.shell:create_environment_hook('cartographer_rviz', 'cmake_prefix_path')
[74.883s] INFO:colcon.colcon_core.shell:Creating environment hook '/home/agathe/Documents/york/fall2025/robotics/project_ros_ws/ydlidar_ros2_ws/install/cartographer_rviz/share/cartographer_rviz/hook/cmake_prefix_path.ps1'
[74.884s] INFO:colcon.colcon_core.shell:Creating environment descriptor '/home/agathe/Documents/york/fall2025/robotics/project_ros_ws/ydlidar_ros2_ws/install/cartographer_rviz/share/cartographer_rviz/hook/cmake_prefix_path.dsv'
[74.884s] INFO:colcon.colcon_core.shell:Creating environment hook '/home/agathe/Documents/york/fall2025/robotics/project_ros_ws/ydlidar_ros2_ws/install/cartographer_rviz/share/cartographer_rviz/hook/cmake_prefix_path.sh'
[74.885s] Level 1:colcon.colcon_core.environment:checking '/home/agathe/Documents/york/fall2025/robotics/project_ros_ws/ydlidar_ros2_ws/install/cartographer_rviz/lib'
[74.885s] Level 1:colcon.colcon_core.shell:create_environment_hook('cartographer_rviz', 'ld_library_path_lib')
[74.886s] INFO:colcon.colcon_core.shell:Creating environment hook '/home/agathe/Documents/york/fall2025/robotics/project_ros_ws/ydlidar_ros2_ws/install/cartographer_rviz/share/cartographer_rviz/hook/ld_library_path_lib.ps1'
[74.886s] INFO:colcon.colcon_core.shell:Creating environment descriptor '/home/agathe/Documents/york/fall2025/robotics/project_ros_ws/ydlidar_ros2_ws/install/cartographer_rviz/share/cartographer_rviz/hook/ld_library_path_lib.dsv'
[74.887s] INFO:colcon.colcon_core.shell:Creating environment hook '/home/agathe/Documents/york/fall2025/robotics/project_ros_ws/ydlidar_ros2_ws/install/cartographer_rviz/share/cartographer_rviz/hook/ld_library_path_lib.sh'
[74.888s] Level 1:colcon.colcon_core.environment:checking '/home/agathe/Documents/york/fall2025/robotics/project_ros_ws/ydlidar_ros2_ws/install/cartographer_rviz/bin'
[74.888s] Level 1:colcon.colcon_core.environment:checking '/home/agathe/Documents/york/fall2025/robotics/project_ros_ws/ydlidar_ros2_ws/install/cartographer_rviz/lib/pkgconfig/cartographer_rviz.pc'
[74.888s] Level 1:colcon.colcon_core.environment:checking '/home/agathe/Documents/york/fall2025/robotics/project_ros_ws/ydlidar_ros2_ws/install/cartographer_rviz/lib/python3.10/site-packages'
[74.889s] Level 1:colcon.colcon_core.environment:checking '/home/agathe/Documents/york/fall2025/robotics/project_ros_ws/ydlidar_ros2_ws/install/cartographer_rviz/bin'
[74.890s] INFO:colcon.colcon_core.shell:Creating package script '/home/agathe/Documents/york/fall2025/robotics/project_ros_ws/ydlidar_ros2_ws/install/cartographer_rviz/share/cartographer_rviz/package.ps1'
[74.892s] INFO:colcon.colcon_core.shell:Creating package descriptor '/home/agathe/Documents/york/fall2025/robotics/project_ros_ws/ydlidar_ros2_ws/install/cartographer_rviz/share/cartographer_rviz/package.dsv'
[74.893s] INFO:colcon.colcon_core.shell:Creating package script '/home/agathe/Documents/york/fall2025/robotics/project_ros_ws/ydlidar_ros2_ws/install/cartographer_rviz/share/cartographer_rviz/package.sh'
[74.893s] INFO:colcon.colcon_core.shell:Creating package script '/home/agathe/Documents/york/fall2025/robotics/project_ros_ws/ydlidar_ros2_ws/install/cartographer_rviz/share/cartographer_rviz/package.bash'
[74.894s] INFO:colcon.colcon_core.shell:Creating package script '/home/agathe/Documents/york/fall2025/robotics/project_ros_ws/ydlidar_ros2_ws/install/cartographer_rviz/share/cartographer_rviz/package.zsh'
[74.895s] Level 1:colcon.colcon_core.environment:create_file_with_runtime_dependencies(/home/agathe/Documents/york/fall2025/robotics/project_ros_ws/ydlidar_ros2_ws/install/cartographer_rviz/share/colcon-core/packages/cartographer_rviz)
[74.896s] Level 1:colcon.colcon_core.environment:create_environment_scripts_only(cartographer_rviz)
[74.896s] Level 1:colcon.colcon_core.environment:checking '/home/agathe/Documents/york/fall2025/robotics/project_ros_ws/ydlidar_ros2_ws/install/cartographer_rviz' for CMake module files
[74.897s] Level 1:colcon.colcon_core.environment:checking '/home/agathe/Documents/york/fall2025/robotics/project_ros_ws/ydlidar_ros2_ws/install/cartographer_rviz' for CMake config files
[74.897s] Level 1:colcon.colcon_core.shell:create_environment_hook('cartographer_rviz', 'cmake_prefix_path')
[74.898s] INFO:colcon.colcon_core.shell:Creating environment hook '/home/agathe/Documents/york/fall2025/robotics/project_ros_ws/ydlidar_ros2_ws/install/cartographer_rviz/share/cartographer_rviz/hook/cmake_prefix_path.ps1'
[74.898s] INFO:colcon.colcon_core.shell:Creating environment descriptor '/home/agathe/Documents/york/fall2025/robotics/project_ros_ws/ydlidar_ros2_ws/install/cartographer_rviz/share/cartographer_rviz/hook/cmake_prefix_path.dsv'
[74.899s] INFO:colcon.colcon_core.shell:Creating environment hook '/home/agathe/Documents/york/fall2025/robotics/project_ros_ws/ydlidar_ros2_ws/install/cartographer_rviz/share/cartographer_rviz/hook/cmake_prefix_path.sh'
[74.900s] Level 1:colcon.colcon_core.environment:checking '/home/agathe/Documents/york/fall2025/robotics/project_ros_ws/ydlidar_ros2_ws/install/cartographer_rviz/lib'
[74.900s] Level 1:colcon.colcon_core.shell:create_environment_hook('cartographer_rviz', 'ld_library_path_lib')
[74.900s] INFO:colcon.colcon_core.shell:Creating environment hook '/home/agathe/Documents/york/fall2025/robotics/project_ros_ws/ydlidar_ros2_ws/install/cartographer_rviz/share/cartographer_rviz/hook/ld_library_path_lib.ps1'
[74.901s] INFO:colcon.colcon_core.shell:Creating environment descriptor '/home/agathe/Documents/york/fall2025/robotics/project_ros_ws/ydlidar_ros2_ws/install/cartographer_rviz/share/cartographer_rviz/hook/ld_library_path_lib.dsv'
[74.901s] INFO:colcon.colcon_core.shell:Creating environment hook '/home/agathe/Documents/york/fall2025/robotics/project_ros_ws/ydlidar_ros2_ws/install/cartographer_rviz/share/cartographer_rviz/hook/ld_library_path_lib.sh'
[74.902s] Level 1:colcon.colcon_core.environment:checking '/home/agathe/Documents/york/fall2025/robotics/project_ros_ws/ydlidar_ros2_ws/install/cartographer_rviz/bin'
[74.902s] Level 1:colcon.colcon_core.environment:checking '/home/agathe/Documents/york/fall2025/robotics/project_ros_ws/ydlidar_ros2_ws/install/cartographer_rviz/lib/pkgconfig/cartographer_rviz.pc'
[74.902s] Level 1:colcon.colcon_core.environment:checking '/home/agathe/Documents/york/fall2025/robotics/project_ros_ws/ydlidar_ros2_ws/install/cartographer_rviz/lib/python3.10/site-packages'
[74.903s] Level 1:colcon.colcon_core.environment:checking '/home/agathe/Documents/york/fall2025/robotics/project_ros_ws/ydlidar_ros2_ws/install/cartographer_rviz/bin'
[74.903s] INFO:colcon.colcon_core.shell:Creating package script '/home/agathe/Documents/york/fall2025/robotics/project_ros_ws/ydlidar_ros2_ws/install/cartographer_rviz/share/cartographer_rviz/package.ps1'
[74.905s] INFO:colcon.colcon_core.shell:Creating package descriptor '/home/agathe/Documents/york/fall2025/robotics/project_ros_ws/ydlidar_ros2_ws/install/cartographer_rviz/share/cartographer_rviz/package.dsv'
[74.905s] INFO:colcon.colcon_core.shell:Creating package script '/home/agathe/Documents/york/fall2025/robotics/project_ros_ws/ydlidar_ros2_ws/install/cartographer_rviz/share/cartographer_rviz/package.sh'
[74.906s] INFO:colcon.colcon_core.shell:Creating package script '/home/agathe/Documents/york/fall2025/robotics/project_ros_ws/ydlidar_ros2_ws/install/cartographer_rviz/share/cartographer_rviz/package.bash'
[74.907s] INFO:colcon.colcon_core.shell:Creating package script '/home/agathe/Documents/york/fall2025/robotics/project_ros_ws/ydlidar_ros2_ws/install/cartographer_rviz/share/cartographer_rviz/package.zsh'
[74.907s] Level 1:colcon.colcon_core.environment:create_file_with_runtime_dependencies(/home/agathe/Documents/york/fall2025/robotics/project_ros_ws/ydlidar_ros2_ws/install/cartographer_rviz/share/colcon-core/packages/cartographer_rviz)
[74.908s] DEBUG:colcon.colcon_parallel_executor.executor.parallel:closing loop
[74.908s] DEBUG:colcon.colcon_parallel_executor.executor.parallel:loop closed
[74.908s] DEBUG:colcon.colcon_parallel_executor.executor.parallel:run_until_complete finished with '0'
[74.909s] DEBUG:colcon.colcon_core.event_reactor:joining thread
[74.917s] INFO:colcon.colcon_core.plugin_system:Skipping extension 'colcon_notification.desktop_notification.terminal_notifier': Not used on non-Darwin systems
[74.917s] INFO:colcon.colcon_core.plugin_system:Skipping extension 'colcon_notification.desktop_notification.win32': Not used on non-Windows systems
[74.917s] INFO:colcon.colcon_notification.desktop_notification:Sending desktop notification using 'notify2'
[74.933s] DEBUG:colcon.colcon_core.event_reactor:joined thread
[74.934s] INFO:colcon.colcon_core.shell:Creating prefix script '/home/agathe/Documents/york/fall2025/robotics/project_ros_ws/ydlidar_ros2_ws/install/local_setup.ps1'
[74.936s] INFO:colcon.colcon_core.shell:Creating prefix util module '/home/agathe/Documents/york/fall2025/robotics/project_ros_ws/ydlidar_ros2_ws/install/_local_setup_util_ps1.py'
[74.939s] INFO:colcon.colcon_core.shell:Creating prefix chain script '/home/agathe/Documents/york/fall2025/robotics/project_ros_ws/ydlidar_ros2_ws/install/setup.ps1'
[74.941s] INFO:colcon.colcon_core.shell:Creating prefix script '/home/agathe/Documents/york/fall2025/robotics/project_ros_ws/ydlidar_ros2_ws/install/local_setup.sh'
[74.942s] INFO:colcon.colcon_core.shell:Creating prefix util module '/home/agathe/Documents/york/fall2025/robotics/project_ros_ws/ydlidar_ros2_ws/install/_local_setup_util_sh.py'
[74.943s] INFO:colcon.colcon_core.shell:Creating prefix chain script '/home/agathe/Documents/york/fall2025/robotics/project_ros_ws/ydlidar_ros2_ws/install/setup.sh'
[74.945s] INFO:colcon.colcon_core.shell:Creating prefix script '/home/agathe/Documents/york/fall2025/robotics/project_ros_ws/ydlidar_ros2_ws/install/local_setup.bash'
[74.946s] INFO:colcon.colcon_core.shell:Creating prefix chain script '/home/agathe/Documents/york/fall2025/robotics/project_ros_ws/ydlidar_ros2_ws/install/setup.bash'
[74.948s] INFO:colcon.colcon_core.shell:Creating prefix script '/home/agathe/Documents/york/fall2025/robotics/project_ros_ws/ydlidar_ros2_ws/install/local_setup.zsh'
[74.949s] INFO:colcon.colcon_core.shell:Creating prefix chain script '/home/agathe/Documents/york/fall2025/robotics/project_ros_ws/ydlidar_ros2_ws/install/setup.zsh'
