[0.013s] Invoking command in '/home/agathe/Documents/york/fall2025/robotics/project_ros_ws/ydlidar_ros2_ws/build/ydlidar_ros2_driver': CMAKE_PREFIX_PATH=${CMAKE_PREFIX_PATH}:/home/agathe/Documents/york/fall2025/robotics/project_ros_ws/ydlidar_ros2_ws/install/slam:/home/agathe/Documents/york/fall2025/robotics/project_ros_ws/ydlidar_ros2_ws/install/simulation:/opt/ros/humble /usr/bin/cmake --build /home/agathe/Documents/york/fall2025/robotics/project_ros_ws/ydlidar_ros2_ws/build/ydlidar_ros2_driver -- -j8 -l8
[0.036s] -- Found ament_cmake: 1.3.12 (/opt/ros/humble/share/ament_cmake/cmake)
[0.170s] -- Override CMake install command with custom implementation using symlinks instead of copying resources
[0.177s] -- Found rclcpp: 16.0.15 (/opt/ros/humble/share/rclcpp/cmake)
[0.212s] -- Found rosidl_generator_c: 3.1.7 (/opt/ros/humble/share/rosidl_generator_c/cmake)
[0.216s] -- Found rosidl_adapter: 3.1.7 (/opt/ros/humble/share/rosidl_adapter/cmake)
[0.223s] -- Found rosidl_generator_cpp: 3.1.7 (/opt/ros/humble/share/rosidl_generator_cpp/cmake)
[0.232s] -- Using all available rosidl_typesupport_c: rosidl_typesupport_fastrtps_c;rosidl_typesupport_introspection_c
[0.244s] -- Using all available rosidl_typesupport_cpp: rosidl_typesupport_fastrtps_cpp;rosidl_typesupport_introspection_cpp
[0.272s] -- Found rmw_implementation_cmake: 6.1.2 (/opt/ros/humble/share/rmw_implementation_cmake/cmake)
[0.273s] -- Found rmw_fastrtps_cpp: 6.2.9 (/opt/ros/humble/share/rmw_fastrtps_cpp/cmake)
[0.372s] -- Using RMW implementation 'rmw_fastrtps_cpp' as default
[0.416s] -- Found rclpy: 3.3.17 (/opt/ros/humble/share/rclpy/cmake)
[0.416s] -- Found sensor_msgs: 4.9.0 (/opt/ros/humble/share/sensor_msgs/cmake)
[0.443s] -- Found visualization_msgs: 4.9.0 (/opt/ros/humble/share/visualization_msgs/cmake)
[0.460s] -- Found std_srvs: 4.9.0 (/opt/ros/humble/share/std_srvs/cmake)
[0.539s] -- Found ament_lint_auto: 0.12.14 (/opt/ros/humble/share/ament_lint_auto/cmake)
[0.606s] -- Added test 'cppcheck' to perform static code analysis on C / C++ code
[0.606s] -- Configured cppcheck include dirs: /home/agathe/Documents/york/fall2025/robotics/project_ros_ws/ydlidar_ros2_ws/src/ydlidar_ros2_driver/src;/home/agathe/Documents/york/fall2025/robotics/project_ros_ws/ydlidar_ros2_ws/src/ydlidar_ros2_driver/ydlidar_ros2_driver
[0.606s] -- Configured cppcheck exclude dirs and/or files: 
[0.607s] -- Added test 'flake8' to check Python code syntax and style conventions
[0.608s] -- Added test 'lint_cmake' to check CMake code style
[0.609s] -- Added test 'pep257' to check Python code against some of the docstring style conventions in PEP 257
[0.612s] -- Added test 'uncrustify' to check C / C++ code style
[0.612s] -- Configured uncrustify additional arguments: 
[0.613s] -- Added test 'xmllint' to check XML markup files
[0.614s] -- Configuring done
[0.634s] -- Generating done
[0.642s] -- Build files have been written to: /home/agathe/Documents/york/fall2025/robotics/project_ros_ws/ydlidar_ros2_ws/build/ydlidar_ros2_driver
[0.682s] [35m[1mConsolidate compiler generated dependencies of target vertical_driver_node[0m
[0.682s] [35m[1mConsolidate compiler generated dependencies of target horizontal_driver_node[0m
[0.682s] [35m[1mConsolidate compiler generated dependencies of target ydlidar_ros2_driver_client[0m
[0.682s] [35m[1mConsolidate compiler generated dependencies of target ydlidar_ros2_driver_node[0m
[0.701s] [ 25%] Built target vertical_driver_node
[0.702s] [ 50%] Built target ydlidar_ros2_driver_node
[0.704s] [ 75%] Built target horizontal_driver_node
[0.704s] [ 75%] Built target ament_cmake_python_symlink_ydlidar_ros2_driver
[0.705s] [100%] Built target ydlidar_ros2_driver_client
[1.020s] running egg_info
[1.040s] writing ydlidar_ros2_driver.egg-info/PKG-INFO
[1.041s] writing dependency_links to ydlidar_ros2_driver.egg-info/dependency_links.txt
[1.041s] writing top-level names to ydlidar_ros2_driver.egg-info/top_level.txt
[1.139s] reading manifest file 'ydlidar_ros2_driver.egg-info/SOURCES.txt'
[1.140s] writing manifest file 'ydlidar_ros2_driver.egg-info/SOURCES.txt'
[1.173s] [100%] Built target ament_cmake_python_build_ydlidar_ros2_driver_egg
[1.182s] Invoked command in '/home/agathe/Documents/york/fall2025/robotics/project_ros_ws/ydlidar_ros2_ws/build/ydlidar_ros2_driver' returned '0': CMAKE_PREFIX_PATH=${CMAKE_PREFIX_PATH}:/home/agathe/Documents/york/fall2025/robotics/project_ros_ws/ydlidar_ros2_ws/install/slam:/home/agathe/Documents/york/fall2025/robotics/project_ros_ws/ydlidar_ros2_ws/install/simulation:/opt/ros/humble /usr/bin/cmake --build /home/agathe/Documents/york/fall2025/robotics/project_ros_ws/ydlidar_ros2_ws/build/ydlidar_ros2_driver -- -j8 -l8
[1.184s] Invoking command in '/home/agathe/Documents/york/fall2025/robotics/project_ros_ws/ydlidar_ros2_ws/build/ydlidar_ros2_driver': CMAKE_PREFIX_PATH=${CMAKE_PREFIX_PATH}:/home/agathe/Documents/york/fall2025/robotics/project_ros_ws/ydlidar_ros2_ws/install/slam:/home/agathe/Documents/york/fall2025/robotics/project_ros_ws/ydlidar_ros2_ws/install/simulation:/opt/ros/humble /usr/bin/cmake --install /home/agathe/Documents/york/fall2025/robotics/project_ros_ws/ydlidar_ros2_ws/build/ydlidar_ros2_driver
[1.190s] -- Install configuration: ""
[1.190s] -- Execute custom install script
[1.190s] -- Up-to-date symlink: /home/agathe/Documents/york/fall2025/robotics/project_ros_ws/ydlidar_ros2_ws/install/ydlidar_ros2_driver/lib/ydlidar_ros2_driver/collect_data.py
[1.190s] -- Up-to-date symlink: /home/agathe/Documents/york/fall2025/robotics/project_ros_ws/ydlidar_ros2_ws/install/ydlidar_ros2_driver/lib/ydlidar_ros2_driver/slam.py
[1.191s] -- Up-to-date symlink: /home/agathe/Documents/york/fall2025/robotics/project_ros_ws/ydlidar_ros2_ws/install/ydlidar_ros2_driver/lib/ydlidar_ros2_driver/ydlidar_ros2_driver_node
[1.191s] -- Up-to-date symlink: /home/agathe/Documents/york/fall2025/robotics/project_ros_ws/ydlidar_ros2_ws/install/ydlidar_ros2_driver/lib/ydlidar_ros2_driver/ydlidar_ros2_driver_client
[1.191s] -- Up-to-date symlink: /home/agathe/Documents/york/fall2025/robotics/project_ros_ws/ydlidar_ros2_ws/install/ydlidar_ros2_driver/lib/ydlidar_ros2_driver/vertical_driver_node
[1.191s] -- Up-to-date symlink: /home/agathe/Documents/york/fall2025/robotics/project_ros_ws/ydlidar_ros2_ws/install/ydlidar_ros2_driver/lib/ydlidar_ros2_driver/horizontal_driver_node
[1.191s] -- Up-to-date symlink: /home/agathe/Documents/york/fall2025/robotics/project_ros_ws/ydlidar_ros2_ws/install/ydlidar_ros2_driver/share/ydlidar_ros2_driver/environment/pythonpath.sh
[1.191s] -- Up-to-date symlink: /home/agathe/Documents/york/fall2025/robotics/project_ros_ws/ydlidar_ros2_ws/install/ydlidar_ros2_driver/share/ydlidar_ros2_driver/environment/pythonpath.dsv
[1.192s] -- Up-to-date symlink: /home/agathe/Documents/york/fall2025/robotics/project_ros_ws/ydlidar_ros2_ws/install/ydlidar_ros2_driver/local/lib/python3.10/dist-packages/ydlidar_ros2_driver-1.0.2-py3.10.egg-info/PKG-INFO
[1.192s] -- Up-to-date symlink: /home/agathe/Documents/york/fall2025/robotics/project_ros_ws/ydlidar_ros2_ws/install/ydlidar_ros2_driver/local/lib/python3.10/dist-packages/ydlidar_ros2_driver-1.0.2-py3.10.egg-info/SOURCES.txt
[1.192s] -- Up-to-date symlink: /home/agathe/Documents/york/fall2025/robotics/project_ros_ws/ydlidar_ros2_ws/install/ydlidar_ros2_driver/local/lib/python3.10/dist-packages/ydlidar_ros2_driver-1.0.2-py3.10.egg-info/dependency_links.txt
[1.192s] -- Up-to-date symlink: /home/agathe/Documents/york/fall2025/robotics/project_ros_ws/ydlidar_ros2_ws/install/ydlidar_ros2_driver/local/lib/python3.10/dist-packages/ydlidar_ros2_driver-1.0.2-py3.10.egg-info/top_level.txt
[1.192s] -- Up-to-date symlink: /home/agathe/Documents/york/fall2025/robotics/project_ros_ws/ydlidar_ros2_ws/install/ydlidar_ros2_driver/local/lib/python3.10/dist-packages/ydlidar_ros2_driver/__init__.py
[1.192s] -- Up-to-date symlink: /home/agathe/Documents/york/fall2025/robotics/project_ros_ws/ydlidar_ros2_ws/install/ydlidar_ros2_driver/local/lib/python3.10/dist-packages/ydlidar_ros2_driver/collect_data.py
[1.192s] -- Up-to-date symlink: /home/agathe/Documents/york/fall2025/robotics/project_ros_ws/ydlidar_ros2_ws/install/ydlidar_ros2_driver/local/lib/python3.10/dist-packages/ydlidar_ros2_driver/slam.py
[1.193s] -- Up-to-date symlink: /home/agathe/Documents/york/fall2025/robotics/project_ros_ws/ydlidar_ros2_ws/install/ydlidar_ros2_driver/share/ydlidar_ros2_driver/launch/collect_data.launch.py
[1.193s] -- Up-to-date symlink: /home/agathe/Documents/york/fall2025/robotics/project_ros_ws/ydlidar_ros2_ws/install/ydlidar_ros2_driver/share/ydlidar_ros2_driver/launch/horizontal_lidar.launch.py
[1.193s] -- Up-to-date symlink: /home/agathe/Documents/york/fall2025/robotics/project_ros_ws/ydlidar_ros2_ws/install/ydlidar_ros2_driver/share/ydlidar_ros2_driver/launch/two_lidar.launch.py
[1.193s] -- Up-to-date symlink: /home/agathe/Documents/york/fall2025/robotics/project_ros_ws/ydlidar_ros2_ws/install/ydlidar_ros2_driver/share/ydlidar_ros2_driver/launch/vertical_lidar.launch.py
[1.193s] -- Up-to-date symlink: /home/agathe/Documents/york/fall2025/robotics/project_ros_ws/ydlidar_ros2_ws/install/ydlidar_ros2_driver/share/ydlidar_ros2_driver/launch/ydlidar.py
[1.193s] -- Up-to-date symlink: /home/agathe/Documents/york/fall2025/robotics/project_ros_ws/ydlidar_ros2_ws/install/ydlidar_ros2_driver/share/ydlidar_ros2_driver/launch/ydlidar_launch.py
[1.193s] -- Up-to-date symlink: /home/agathe/Documents/york/fall2025/robotics/project_ros_ws/ydlidar_ros2_ws/install/ydlidar_ros2_driver/share/ydlidar_ros2_driver/launch/ydlidar_launch_view.py
[1.193s] -- Up-to-date symlink: /home/agathe/Documents/york/fall2025/robotics/project_ros_ws/ydlidar_ros2_ws/install/ydlidar_ros2_driver/share/ydlidar_ros2_driver/params/G1.yaml
[1.194s] -- Up-to-date symlink: /home/agathe/Documents/york/fall2025/robotics/project_ros_ws/ydlidar_ros2_ws/install/ydlidar_ros2_driver/share/ydlidar_ros2_driver/params/G2.yaml
[1.194s] -- Up-to-date symlink: /home/agathe/Documents/york/fall2025/robotics/project_ros_ws/ydlidar_ros2_ws/install/ydlidar_ros2_driver/share/ydlidar_ros2_driver/params/G4.yaml
[1.194s] -- Up-to-date symlink: /home/agathe/Documents/york/fall2025/robotics/project_ros_ws/ydlidar_ros2_ws/install/ydlidar_ros2_driver/share/ydlidar_ros2_driver/params/G6.yaml
[1.194s] -- Up-to-date symlink: /home/agathe/Documents/york/fall2025/robotics/project_ros_ws/ydlidar_ros2_ws/install/ydlidar_ros2_driver/share/ydlidar_ros2_driver/params/GS2.yaml
[1.194s] -- Up-to-date symlink: /home/agathe/Documents/york/fall2025/robotics/project_ros_ws/ydlidar_ros2_ws/install/ydlidar_ros2_driver/share/ydlidar_ros2_driver/params/GS5.yaml
[1.194s] -- Up-to-date symlink: /home/agathe/Documents/york/fall2025/robotics/project_ros_ws/ydlidar_ros2_ws/install/ydlidar_ros2_driver/share/ydlidar_ros2_driver/params/TEA.yaml
[1.194s] -- Up-to-date symlink: /home/agathe/Documents/york/fall2025/robotics/project_ros_ws/ydlidar_ros2_ws/install/ydlidar_ros2_driver/share/ydlidar_ros2_driver/params/TG.yaml
[1.194s] -- Up-to-date symlink: /home/agathe/Documents/york/fall2025/robotics/project_ros_ws/ydlidar_ros2_ws/install/ydlidar_ros2_driver/share/ydlidar_ros2_driver/params/Tmini-Plus-SH.yaml
[1.194s] -- Up-to-date symlink: /home/agathe/Documents/york/fall2025/robotics/project_ros_ws/ydlidar_ros2_ws/install/ydlidar_ros2_driver/share/ydlidar_ros2_driver/params/Tmini.yaml
[1.194s] -- Up-to-date symlink: /home/agathe/Documents/york/fall2025/robotics/project_ros_ws/ydlidar_ros2_ws/install/ydlidar_ros2_driver/share/ydlidar_ros2_driver/params/X2.yaml
[1.194s] -- Up-to-date symlink: /home/agathe/Documents/york/fall2025/robotics/project_ros_ws/ydlidar_ros2_ws/install/ydlidar_ros2_driver/share/ydlidar_ros2_driver/params/X3.yaml
[1.194s] -- Up-to-date symlink: /home/agathe/Documents/york/fall2025/robotics/project_ros_ws/ydlidar_ros2_ws/install/ydlidar_ros2_driver/share/ydlidar_ros2_driver/params/X4-Pro.yaml
[1.195s] -- Up-to-date symlink: /home/agathe/Documents/york/fall2025/robotics/project_ros_ws/ydlidar_ros2_ws/install/ydlidar_ros2_driver/share/ydlidar_ros2_driver/params/X4.yaml
[1.195s] -- Up-to-date symlink: /home/agathe/Documents/york/fall2025/robotics/project_ros_ws/ydlidar_ros2_ws/install/ydlidar_ros2_driver/share/ydlidar_ros2_driver/params/sdm15.yaml
[1.195s] -- Up-to-date symlink: /home/agathe/Documents/york/fall2025/robotics/project_ros_ws/ydlidar_ros2_ws/install/ydlidar_ros2_driver/share/ydlidar_ros2_driver/params/ydlidar.yaml
[1.195s] -- Up-to-date symlink: /home/agathe/Documents/york/fall2025/robotics/project_ros_ws/ydlidar_ros2_ws/install/ydlidar_ros2_driver/share/ydlidar_ros2_driver/params/ydlidar_horizontal.yaml
[1.195s] -- Up-to-date symlink: /home/agathe/Documents/york/fall2025/robotics/project_ros_ws/ydlidar_ros2_ws/install/ydlidar_ros2_driver/share/ydlidar_ros2_driver/params/ydlidar_vertical.yaml
[1.195s] -- Up-to-date symlink: /home/agathe/Documents/york/fall2025/robotics/project_ros_ws/ydlidar_ros2_ws/install/ydlidar_ros2_driver/share/ydlidar_ros2_driver/startup/initenv.sh
[1.195s] -- Up-to-date symlink: /home/agathe/Documents/york/fall2025/robotics/project_ros_ws/ydlidar_ros2_ws/install/ydlidar_ros2_driver/share/ydlidar_ros2_driver/config/ydlidar.rviz
[1.195s] -- Up-to-date symlink: /home/agathe/Documents/york/fall2025/robotics/project_ros_ws/ydlidar_ros2_ws/install/ydlidar_ros2_driver/share/ament_index/resource_index/package_run_dependencies/ydlidar_ros2_driver
[1.195s] -- Up-to-date symlink: /home/agathe/Documents/york/fall2025/robotics/project_ros_ws/ydlidar_ros2_ws/install/ydlidar_ros2_driver/share/ament_index/resource_index/parent_prefix_path/ydlidar_ros2_driver
[1.196s] -- Up-to-date symlink: /home/agathe/Documents/york/fall2025/robotics/project_ros_ws/ydlidar_ros2_ws/install/ydlidar_ros2_driver/share/ydlidar_ros2_driver/environment/ament_prefix_path.sh
[1.196s] -- Up-to-date symlink: /home/agathe/Documents/york/fall2025/robotics/project_ros_ws/ydlidar_ros2_ws/install/ydlidar_ros2_driver/share/ydlidar_ros2_driver/environment/ament_prefix_path.dsv
[1.196s] -- Up-to-date symlink: /home/agathe/Documents/york/fall2025/robotics/project_ros_ws/ydlidar_ros2_ws/install/ydlidar_ros2_driver/share/ydlidar_ros2_driver/environment/path.sh
[1.196s] -- Up-to-date symlink: /home/agathe/Documents/york/fall2025/robotics/project_ros_ws/ydlidar_ros2_ws/install/ydlidar_ros2_driver/share/ydlidar_ros2_driver/environment/path.dsv
[1.196s] -- Up-to-date symlink: /home/agathe/Documents/york/fall2025/robotics/project_ros_ws/ydlidar_ros2_ws/install/ydlidar_ros2_driver/share/ydlidar_ros2_driver/local_setup.bash
[1.196s] -- Up-to-date symlink: /home/agathe/Documents/york/fall2025/robotics/project_ros_ws/ydlidar_ros2_ws/install/ydlidar_ros2_driver/share/ydlidar_ros2_driver/local_setup.sh
[1.196s] -- Up-to-date symlink: /home/agathe/Documents/york/fall2025/robotics/project_ros_ws/ydlidar_ros2_ws/install/ydlidar_ros2_driver/share/ydlidar_ros2_driver/local_setup.zsh
[1.196s] -- Up-to-date symlink: /home/agathe/Documents/york/fall2025/robotics/project_ros_ws/ydlidar_ros2_ws/install/ydlidar_ros2_driver/share/ydlidar_ros2_driver/local_setup.dsv
[1.196s] -- Symlinking: /home/agathe/Documents/york/fall2025/robotics/project_ros_ws/ydlidar_ros2_ws/install/ydlidar_ros2_driver/share/ydlidar_ros2_driver/package.dsv
[1.204s] -- Up-to-date symlink: /home/agathe/Documents/york/fall2025/robotics/project_ros_ws/ydlidar_ros2_ws/install/ydlidar_ros2_driver/share/ament_index/resource_index/packages/ydlidar_ros2_driver
[1.204s] -- Up-to-date symlink: /home/agathe/Documents/york/fall2025/robotics/project_ros_ws/ydlidar_ros2_ws/install/ydlidar_ros2_driver/share/ydlidar_ros2_driver/cmake/ydlidar_ros2_driverConfig.cmake
[1.204s] -- Up-to-date symlink: /home/agathe/Documents/york/fall2025/robotics/project_ros_ws/ydlidar_ros2_ws/install/ydlidar_ros2_driver/share/ydlidar_ros2_driver/cmake/ydlidar_ros2_driverConfig-version.cmake
[1.205s] -- Up-to-date symlink: /home/agathe/Documents/york/fall2025/robotics/project_ros_ws/ydlidar_ros2_ws/install/ydlidar_ros2_driver/share/ydlidar_ros2_driver/package.xml
[1.238s] Listing '/home/agathe/Documents/york/fall2025/robotics/project_ros_ws/ydlidar_ros2_ws/install/ydlidar_ros2_driver/local/lib/python3.10/dist-packages/ydlidar_ros2_driver'...
[1.244s] Invoked command in '/home/agathe/Documents/york/fall2025/robotics/project_ros_ws/ydlidar_ros2_ws/build/ydlidar_ros2_driver' returned '0': CMAKE_PREFIX_PATH=${CMAKE_PREFIX_PATH}:/home/agathe/Documents/york/fall2025/robotics/project_ros_ws/ydlidar_ros2_ws/install/slam:/home/agathe/Documents/york/fall2025/robotics/project_ros_ws/ydlidar_ros2_ws/install/simulation:/opt/ros/humble /usr/bin/cmake --install /home/agathe/Documents/york/fall2025/robotics/project_ros_ws/ydlidar_ros2_ws/build/ydlidar_ros2_driver
