[0.018s] Invoking command in '/home/agathe/Documents/york/fall2025/robotics/project_ros_ws/ydlidar_ros2_ws/build/cartographer_rviz': AMENT_PREFIX_PATH=/home/agathe/Documents/york/fall2025/robotics/project_ros_ws/ydlidar_ros2_ws/install/cartographer_ros:/home/agathe/Documents/york/fall2025/robotics/project_ros_ws/ydlidar_ros2_ws/install/cartographer_ros_msgs:${AMENT_PREFIX_PATH} CMAKE_PREFIX_PATH=/home/agathe/Documents/york/fall2025/robotics/project_ros_ws/ydlidar_ros2_ws/install/cartographer_ros:/home/agathe/Documents/york/fall2025/robotics/project_ros_ws/ydlidar_ros2_ws/install/cartographer_ros_msgs:/home/agathe/Documents/york/fall2025/robotics/project_ros_ws/ydlidar_ros2_ws/install/ydlidar_ros2_driver:/home/agathe/Documents/york/fall2025/robotics/project_ros_ws/ydlidar_ros2_ws/install/slam:/home/agathe/Documents/york/fall2025/robotics/project_ros_ws/ydlidar_ros2_ws/install/simulation:/opt/ros/humble LD_LIBRARY_PATH=/home/agathe/Documents/york/fall2025/robotics/project_ros_ws/ydlidar_ros2_ws/install/cartographer_ros/lib:/home/agathe/Documents/york/fall2025/robotics/project_ros_ws/ydlidar_ros2_ws/install/cartographer_ros_msgs/lib:${LD_LIBRARY_PATH} PYTHONPATH=/home/agathe/Documents/york/fall2025/robotics/project_ros_ws/ydlidar_ros2_ws/install/cartographer_ros_msgs/local/lib/python3.10/dist-packages:${PYTHONPATH} /usr/bin/cmake /home/agathe/Documents/york/fall2025/robotics/project_ros_ws/ydlidar_ros2_ws/src/cartographer_ros/cartographer_rviz -DAMENT_CMAKE_SYMLINK_INSTALL=1 -DCMAKE_INSTALL_PREFIX=/home/agathe/Documents/york/fall2025/robotics/project_ros_ws/ydlidar_ros2_ws/install/cartographer_rviz
[0.108s] -- The C compiler identification is GNU 11.4.0
[0.196s] -- The CXX compiler identification is GNU 11.4.0
[0.207s] -- Detecting C compiler ABI info
[0.314s] -- Detecting C compiler ABI info - done
[0.326s] -- Check for working C compiler: /usr/bin/cc - skipped
[0.327s] -- Detecting C compile features
[0.327s] -- Detecting C compile features - done
[0.332s] -- Detecting CXX compiler ABI info
[0.460s] -- Detecting CXX compiler ABI info - done
[0.472s] -- Check for working CXX compiler: /usr/bin/c++ - skipped
[0.473s] -- Detecting CXX compile features
[0.474s] -- Detecting CXX compile features - done
[0.478s] -- Found ament_cmake: 1.3.12 (/opt/ros/humble/share/ament_cmake/cmake)
[1.083s] -- Found Python3: /usr/bin/python3 (found version "3.10.12") found components: Interpreter 
[1.191s] -- Override CMake install command with custom implementation using symlinks instead of copying resources
[1.239s] -- Looking for pthread.h
[1.351s] -- Looking for pthread.h - found
[1.351s] -- Performing Test CMAKE_HAVE_LIBC_PTHREAD
[1.467s] -- Performing Test CMAKE_HAVE_LIBC_PTHREAD - Success
[1.469s] -- Found Threads: TRUE  
[1.481s] -- Found required Ceres dependency: Eigen version 3.4.0 in /usr/include/eigen3
[1.490s] -- Found required Ceres dependency: glog
[1.491s] -- Found required Ceres dependency: gflags
[1.492s] -- Found Ceres version: 2.0.0 installed in: /usr with components: [EigenSparse, SparseLinearAlgebraLibrary, LAPACK, SuiteSparse, CXSparse, SchurSpecializations, Multithreading]
[1.506s] -- Build type: Release
[1.512s] Files /home/agathe/Documents/york/fall2025/robotics/project_ros_ws/ydlidar_ros2_ws/build/cartographer_rviz/AllFiles.cmake and - differ
[1.523s] -- Found cartographer_ros: 2.0.9003 (/home/agathe/Documents/york/fall2025/robotics/project_ros_ws/ydlidar_ros2_ws/install/cartographer_ros/share/cartographer_ros/cmake)
[1.585s] -- Found rosidl_generator_c: 3.1.7 (/opt/ros/humble/share/rosidl_generator_c/cmake)
[1.593s] -- Found rosidl_adapter: 3.1.7 (/opt/ros/humble/share/rosidl_adapter/cmake)
[1.607s] -- Found rosidl_generator_cpp: 3.1.7 (/opt/ros/humble/share/rosidl_generator_cpp/cmake)
[1.628s] -- Using all available rosidl_typesupport_c: rosidl_typesupport_fastrtps_c;rosidl_typesupport_introspection_c
[1.653s] -- Using all available rosidl_typesupport_cpp: rosidl_typesupport_fastrtps_cpp;rosidl_typesupport_introspection_cpp
[1.839s] -- Found rmw_implementation_cmake: 6.1.2 (/opt/ros/humble/share/rmw_implementation_cmake/cmake)
[1.843s] -- Found rmw_fastrtps_cpp: 6.2.9 (/opt/ros/humble/share/rmw_fastrtps_cpp/cmake)
[1.982s] -- Found OpenSSL: /usr/lib/x86_64-linux-gnu/libcrypto.so (found version "3.0.2")  
[2.033s] -- Found FastRTPS: /opt/ros/humble/include  
[2.108s] -- Using RMW implementation 'rmw_fastrtps_cpp' as default
[2.459s] -- Found rviz_common: 11.2.22 (/opt/ros/humble/share/rviz_common/cmake)
[2.482s] -- Setting assimp_DIR to: '/opt/ros/humble/share/rviz_assimp_vendor/cmake/../../../opt/rviz_assimp_vendor/lib/cmake/assimp-4.1'
[2.492s] -- Setting OGRE_DIR to: '/opt/ros/humble/share/rviz_ogre_vendor/cmake/../../../opt/rviz_ogre_vendor/lib/OGRE/cmake'
[2.494s] -- Found OGRE
[2.494s] --   static     : OFF
[2.495s] --   components : HLMS;MeshLodGenerator;Overlay;Paging;Property;RTShaderSystem;Terrain;Volume
[2.495s] --   plugins    : Plugin_BSPSceneManager;Plugin_OctreeSceneManager;Plugin_PCZSceneManager;Plugin_ParticleFX;RenderSystem_GL;RenderSystem_GL3Plus;Codec_STBI
[2.495s] --   media      : /opt/ros/humble/opt/rviz_ogre_vendor/share/OGRE/Media
[2.495s] -- OGRE_LIBRARIES: OgreHLMS;OgreMeshLodGenerator;OgreOverlay;OgrePaging;OgreProperty;OgreRTShaderSystem;OgreTerrain;OgreVolume;OgreMain
[2.495s] -- OGRE_LIBRARY_DIRS: /opt/ros/humble/opt/rviz_ogre_vendor/lib
[2.495s] -- OGRE_PLUGINS: Plugin_BSPSceneManager;Plugin_OctreeSceneManager;Plugin_PCZSceneManager;Plugin_ParticleFX;RenderSystem_GL;RenderSystem_GL3Plus;Codec_STBI
[2.495s] -- OGRE_PLUGIN_DIR: /opt/ros/humble/opt/rviz_ogre_vendor/lib/OGRE
[2.495s] -- rviz_ogre_vendor::OgreOverlay for IMPORTED_LOCATION_RELEASE: /opt/ros/humble/opt/rviz_ogre_vendor/lib/libOgreOverlay.so
[2.496s] -- rviz_ogre_vendor::OgreOverlay for IMPORTED_LOCATION_DEBUG: /opt/ros/humble/opt/rviz_ogre_vendor/lib/libOgreOverlay.so
[2.496s] -- rviz_ogre_vendor::OgreMain for IMPORTED_LOCATION_RELEASE: /opt/ros/humble/opt/rviz_ogre_vendor/lib/libOgreMain.so
[2.496s] -- rviz_ogre_vendor::OgreMain for IMPORTED_LOCATION_DEBUG: /opt/ros/humble/opt/rviz_ogre_vendor/lib/libOgreMain.so
[2.527s] -- Found ZLIB: /usr/lib/x86_64-linux-gnu/libz.so (found version "1.2.11") 
[2.535s] -- Found OpenGL: /usr/lib/x86_64-linux-gnu/libOpenGL.so   
[2.672s] -- Found X11: /usr/include   
[2.673s] -- Looking for XOpenDisplay in /usr/lib/x86_64-linux-gnu/libX11.so;/usr/lib/x86_64-linux-gnu/libXext.so
[2.787s] -- Looking for XOpenDisplay in /usr/lib/x86_64-linux-gnu/libX11.so;/usr/lib/x86_64-linux-gnu/libXext.so - found
[2.787s] -- Looking for gethostbyname
[2.901s] -- Looking for gethostbyname - found
[2.901s] -- Looking for connect
[3.011s] -- Looking for connect - found
[3.011s] -- Looking for remove
[3.121s] -- Looking for remove - found
[3.121s] -- Looking for shmat
[3.230s] -- Looking for shmat - found
[3.230s] -- Looking for IceConnectionNumber in ICE
[3.343s] -- Looking for IceConnectionNumber in ICE - found
[3.474s] -- library: /usr/lib/x86_64-linux-gnu/libcurl.so
[3.505s] -- Found Eigen3: TRUE (found version "3.4.0") 
[3.505s] -- Ensuring Eigen3 include directory is part of orocos-kdl CMake target
[3.647s] -- Deploy OGRE media
[3.653s] -- Configuring done
[3.683s] [31mCMake Error at CMakeLists.txt:58 (add_library):
[3.683s]   Target "cartographer_rviz" links to target "Boost::iostreams" but the
[3.684s]   target was not found.  Perhaps a find_package() call is missing for an
[3.684s]   IMPORTED target, or an ALIAS target is missing?
[3.684s] 
[3.684s] [0m
[3.720s] -- Generating done
[3.723s] [0mCMake Generate step failed.  Build files cannot be regenerated correctly.[0m
[3.743s] Invoked command in '/home/agathe/Documents/york/fall2025/robotics/project_ros_ws/ydlidar_ros2_ws/build/cartographer_rviz' returned '1': AMENT_PREFIX_PATH=/home/agathe/Documents/york/fall2025/robotics/project_ros_ws/ydlidar_ros2_ws/install/cartographer_ros:/home/agathe/Documents/york/fall2025/robotics/project_ros_ws/ydlidar_ros2_ws/install/cartographer_ros_msgs:${AMENT_PREFIX_PATH} CMAKE_PREFIX_PATH=/home/agathe/Documents/york/fall2025/robotics/project_ros_ws/ydlidar_ros2_ws/install/cartographer_ros:/home/agathe/Documents/york/fall2025/robotics/project_ros_ws/ydlidar_ros2_ws/install/cartographer_ros_msgs:/home/agathe/Documents/york/fall2025/robotics/project_ros_ws/ydlidar_ros2_ws/install/ydlidar_ros2_driver:/home/agathe/Documents/york/fall2025/robotics/project_ros_ws/ydlidar_ros2_ws/install/slam:/home/agathe/Documents/york/fall2025/robotics/project_ros_ws/ydlidar_ros2_ws/install/simulation:/opt/ros/humble LD_LIBRARY_PATH=/home/agathe/Documents/york/fall2025/robotics/project_ros_ws/ydlidar_ros2_ws/install/cartographer_ros/lib:/home/agathe/Documents/york/fall2025/robotics/project_ros_ws/ydlidar_ros2_ws/install/cartographer_ros_msgs/lib:${LD_LIBRARY_PATH} PYTHONPATH=/home/agathe/Documents/york/fall2025/robotics/project_ros_ws/ydlidar_ros2_ws/install/cartographer_ros_msgs/local/lib/python3.10/dist-packages:${PYTHONPATH} /usr/bin/cmake /home/agathe/Documents/york/fall2025/robotics/project_ros_ws/ydlidar_ros2_ws/src/cartographer_ros/cartographer_rviz -DAMENT_CMAKE_SYMLINK_INSTALL=1 -DCMAKE_INSTALL_PREFIX=/home/agathe/Documents/york/fall2025/robotics/project_ros_ws/ydlidar_ros2_ws/install/cartographer_rviz
