-- Found ament_cmake: 1.3.12 (/opt/ros/humble/share/ament_cmake/cmake)
-- Override CMake install command with custom implementation using symlinks instead of copying resources
-- Found builtin_interfaces: 1.2.2 (/opt/ros/humble/share/builtin_interfaces/cmake)
-- Found rosidl_generator_c: 3.1.7 (/opt/ros/humble/share/rosidl_generator_c/cmake)
-- Found rosidl_adapter: 3.1.7 (/opt/ros/humble/share/rosidl_adapter/cmake)
-- Found rosidl_generator_cpp: 3.1.7 (/opt/ros/humble/share/rosidl_generator_cpp/cmake)
-- Using all available rosidl_typesupport_c: rosidl_typesupport_fastrtps_c;rosidl_typesupport_introspection_c
-- Using all available rosidl_typesupport_cpp: rosidl_typesupport_fastrtps_cpp;rosidl_typesupport_introspection_cpp
-- Found required Ceres dependency: Eigen version 3.4.0 in /usr/include/eigen3
-- Found required Ceres dependency: glog
-- Found required Ceres dependency: gflags
-- Found Ceres version: 2.0.0 installed in: /usr with components: [EigenSparse, SparseLinearAlgebraLibrary, LAPACK, SuiteSparse, CXSparse, SchurSpecializations, Multithreading]
-- Found cartographer_ros_msgs: 2.0.9003 (/home/agathe/Documents/york/fall2025/robotics/project_ros_ws/ydlidar_ros2_ws/install/cartographer_ros_msgs/share/cartographer_ros_msgs/cmake)
-- Found nav_msgs: 4.9.0 (/opt/ros/humble/share/nav_msgs/cmake)
-- Eigen found (include: /usr/include/eigen3, version: 3.4.0)
-- looking for PCL_COMMON
-- Found pcl_conversions: 2.4.5 (/opt/ros/humble/share/pcl_conversions/cmake)
-- Found rmw_implementation_cmake: 6.1.2 (/opt/ros/humble/share/rmw_implementation_cmake/cmake)
-- Found rmw_fastrtps_cpp: 6.2.9 (/opt/ros/humble/share/rmw_fastrtps_cpp/cmake)
-- Using RMW implementation 'rmw_fastrtps_cpp' as default
-- Found ros_environment: 3.2.2 (/opt/ros/humble/share/ros_environment/cmake)
-- Found rosbag2_cpp: 0.15.15 (/opt/ros/humble/share/rosbag2_cpp/cmake)
-- Found tf2: 0.25.16 (/opt/ros/humble/share/tf2/cmake)
-- Found tf2_eigen: 0.25.16 (/opt/ros/humble/share/tf2_eigen/cmake)
-- Found urdf: 2.6.1 (/opt/ros/humble/share/urdf/cmake)
-- Found visualization_msgs: 4.9.0 (/opt/ros/humble/share/visualization_msgs/cmake)
-- Configuring done
-- Generating done
-- Build files have been written to: /home/agathe/Documents/york/fall2025/robotics/project_ros_ws/ydlidar_ros2_ws/build/cartographer_ros
[35m[1mConsolidate compiler generated dependencies of target cartographer_ros[0m
[  3%] [32mBuilding CXX object CMakeFiles/cartographer_ros.dir/src/offline_node.cpp.o[0m
[  6%] [32m[1mLinking CXX shared library libcartographer_ros.so[0m
[ 63%] Built target cartographer_ros
[35m[1mConsolidate compiler generated dependencies of target cartographer_occupancy_grid_node[0m
[35m[1mConsolidate compiler generated dependencies of target cartographer_node[0m
[35m[1mConsolidate compiler generated dependencies of target cartographer_rosbag_validate[0m
[35m[1mConsolidate compiler generated dependencies of target cartographer_pbstream_map_publisher[0m
[35m[1mConsolidate compiler generated dependencies of target cartographer_assets_writer[0m
[35m[1mConsolidate compiler generated dependencies of target cartographer_pbstream_to_ros_map[0m
[ 66%] [32m[1mLinking CXX executable cartographer_occupancy_grid_node[0m
[ 72%] [32m[1mLinking CXX executable cartographer_node[0m
[ 72%] [32m[1mLinking CXX executable cartographer_pbstream_to_ros_map[0m
[ 75%] [32m[1mLinking CXX executable cartographer_pbstream_map_publisher[0m
[ 78%] [32m[1mLinking CXX executable cartographer_assets_writer[0m
[ 81%] [32m[1mLinking CXX executable cartographer_rosbag_validate[0m
[ 84%] Built target cartographer_assets_writer
[ 87%] Built target cartographer_rosbag_validate
[ 90%] Built target cartographer_occupancy_grid_node
[ 93%] Built target cartographer_pbstream_map_publisher
[ 96%] Built target cartographer_pbstream_to_ros_map
[100%] Built target cartographer_node
-- Install configuration: ""
-- Execute custom install script
-- Up-to-date symlink: /home/agathe/Documents/york/fall2025/robotics/project_ros_ws/ydlidar_ros2_ws/install/cartographer_ros/lib/cartographer_ros/cartographer_node
-- Up-to-date symlink: /home/agathe/Documents/york/fall2025/robotics/project_ros_ws/ydlidar_ros2_ws/install/cartographer_ros/lib/cartographer_ros/cartographer_occupancy_grid_node
-- Up-to-date symlink: /home/agathe/Documents/york/fall2025/robotics/project_ros_ws/ydlidar_ros2_ws/install/cartographer_ros/lib/cartographer_ros/cartographer_assets_writer
-- Up-to-date symlink: /home/agathe/Documents/york/fall2025/robotics/project_ros_ws/ydlidar_ros2_ws/install/cartographer_ros/lib/cartographer_ros/cartographer_pbstream_map_publisher
-- Up-to-date symlink: /home/agathe/Documents/york/fall2025/robotics/project_ros_ws/ydlidar_ros2_ws/install/cartographer_ros/lib/cartographer_ros/cartographer_pbstream_to_ros_map
-- Up-to-date symlink: /home/agathe/Documents/york/fall2025/robotics/project_ros_ws/ydlidar_ros2_ws/install/cartographer_ros/lib/cartographer_ros/cartographer_rosbag_validate
-- Up-to-date symlink: /home/agathe/Documents/york/fall2025/robotics/project_ros_ws/ydlidar_ros2_ws/install/cartographer_ros/include/cartographer_ros/cartographer_ros/assets_writer.h
-- Up-to-date symlink: /home/agathe/Documents/york/fall2025/robotics/project_ros_ws/ydlidar_ros2_ws/install/cartographer_ros/include/cartographer_ros/cartographer_ros/map_builder_bridge.h
-- Up-to-date symlink: /home/agathe/Documents/york/fall2025/robotics/project_ros_ws/ydlidar_ros2_ws/install/cartographer_ros/include/cartographer_ros/cartographer_ros/metrics/family_factory.h
-- Up-to-date symlink: /home/agathe/Documents/york/fall2025/robotics/project_ros_ws/ydlidar_ros2_ws/install/cartographer_ros/include/cartographer_ros/cartographer_ros/metrics/internal/counter.h
-- Up-to-date symlink: /home/agathe/Documents/york/fall2025/robotics/project_ros_ws/ydlidar_ros2_ws/install/cartographer_ros/include/cartographer_ros/cartographer_ros/metrics/internal/family.h
-- Up-to-date symlink: /home/agathe/Documents/york/fall2025/robotics/project_ros_ws/ydlidar_ros2_ws/install/cartographer_ros/include/cartographer_ros/cartographer_ros/metrics/internal/gauge.h
-- Up-to-date symlink: /home/agathe/Documents/york/fall2025/robotics/project_ros_ws/ydlidar_ros2_ws/install/cartographer_ros/include/cartographer_ros/cartographer_ros/metrics/internal/histogram.h
-- Up-to-date symlink: /home/agathe/Documents/york/fall2025/robotics/project_ros_ws/ydlidar_ros2_ws/install/cartographer_ros/include/cartographer_ros/cartographer_ros/msg_conversion.h
-- Up-to-date symlink: /home/agathe/Documents/york/fall2025/robotics/project_ros_ws/ydlidar_ros2_ws/install/cartographer_ros/include/cartographer_ros/cartographer_ros/node.h
-- Up-to-date symlink: /home/agathe/Documents/york/fall2025/robotics/project_ros_ws/ydlidar_ros2_ws/install/cartographer_ros/include/cartographer_ros/cartographer_ros/node_constants.h
-- Up-to-date symlink: /home/agathe/Documents/york/fall2025/robotics/project_ros_ws/ydlidar_ros2_ws/install/cartographer_ros/include/cartographer_ros/cartographer_ros/node_options.h
-- Up-to-date symlink: /home/agathe/Documents/york/fall2025/robotics/project_ros_ws/ydlidar_ros2_ws/install/cartographer_ros/include/cartographer_ros/cartographer_ros/offline_node.h
-- Up-to-date symlink: /home/agathe/Documents/york/fall2025/robotics/project_ros_ws/ydlidar_ros2_ws/install/cartographer_ros/include/cartographer_ros/cartographer_ros/playable_bag.h
-- Up-to-date symlink: /home/agathe/Documents/york/fall2025/robotics/project_ros_ws/ydlidar_ros2_ws/install/cartographer_ros/include/cartographer_ros/cartographer_ros/ros_log_sink.h
-- Up-to-date symlink: /home/agathe/Documents/york/fall2025/robotics/project_ros_ws/ydlidar_ros2_ws/install/cartographer_ros/include/cartographer_ros/cartographer_ros/ros_map.h
-- Up-to-date symlink: /home/agathe/Documents/york/fall2025/robotics/project_ros_ws/ydlidar_ros2_ws/install/cartographer_ros/include/cartographer_ros/cartographer_ros/ros_map_writing_points_processor.h
-- Up-to-date symlink: /home/agathe/Documents/york/fall2025/robotics/project_ros_ws/ydlidar_ros2_ws/install/cartographer_ros/include/cartographer_ros/cartographer_ros/sensor_bridge.h
-- Up-to-date symlink: /home/agathe/Documents/york/fall2025/robotics/project_ros_ws/ydlidar_ros2_ws/install/cartographer_ros/include/cartographer_ros/cartographer_ros/submap.h
-- Up-to-date symlink: /home/agathe/Documents/york/fall2025/robotics/project_ros_ws/ydlidar_ros2_ws/install/cartographer_ros/include/cartographer_ros/cartographer_ros/tf_bridge.h
-- Up-to-date symlink: /home/agathe/Documents/york/fall2025/robotics/project_ros_ws/ydlidar_ros2_ws/install/cartographer_ros/include/cartographer_ros/cartographer_ros/time_conversion.h
-- Up-to-date symlink: /home/agathe/Documents/york/fall2025/robotics/project_ros_ws/ydlidar_ros2_ws/install/cartographer_ros/include/cartographer_ros/cartographer_ros/trajectory_options.h
-- Up-to-date symlink: /home/agathe/Documents/york/fall2025/robotics/project_ros_ws/ydlidar_ros2_ws/install/cartographer_ros/include/cartographer_ros/cartographer_ros/urdf_reader.h
-- Up-to-date symlink: /home/agathe/Documents/york/fall2025/robotics/project_ros_ws/ydlidar_ros2_ws/install/cartographer_ros/share/cartographer_ros//configuration_files/assets_writer_backpack_2d.lua
-- Up-to-date symlink: /home/agathe/Documents/york/fall2025/robotics/project_ros_ws/ydlidar_ros2_ws/install/cartographer_ros/share/cartographer_ros//configuration_files/assets_writer_backpack_2d_ci.lua
-- Up-to-date symlink: /home/agathe/Documents/york/fall2025/robotics/project_ros_ws/ydlidar_ros2_ws/install/cartographer_ros/share/cartographer_ros//configuration_files/assets_writer_backpack_3d.lua
-- Up-to-date symlink: /home/agathe/Documents/york/fall2025/robotics/project_ros_ws/ydlidar_ros2_ws/install/cartographer_ros/share/cartographer_ros//configuration_files/assets_writer_ros_map.lua
-- Up-to-date symlink: /home/agathe/Documents/york/fall2025/robotics/project_ros_ws/ydlidar_ros2_ws/install/cartographer_ros/share/cartographer_ros//configuration_files/backpack_2d.lua
-- Up-to-date symlink: /home/agathe/Documents/york/fall2025/robotics/project_ros_ws/ydlidar_ros2_ws/install/cartographer_ros/share/cartographer_ros//configuration_files/backpack_2d_localization.lua
-- Up-to-date symlink: /home/agathe/Documents/york/fall2025/robotics/project_ros_ws/ydlidar_ros2_ws/install/cartographer_ros/share/cartographer_ros//configuration_files/backpack_2d_localization_evaluation.lua
-- Up-to-date symlink: /home/agathe/Documents/york/fall2025/robotics/project_ros_ws/ydlidar_ros2_ws/install/cartographer_ros/share/cartographer_ros//configuration_files/backpack_2d_server.lua
-- Up-to-date symlink: /home/agathe/Documents/york/fall2025/robotics/project_ros_ws/ydlidar_ros2_ws/install/cartographer_ros/share/cartographer_ros//configuration_files/backpack_3d (copy).lua
-- Up-to-date symlink: /home/agathe/Documents/york/fall2025/robotics/project_ros_ws/ydlidar_ros2_ws/install/cartographer_ros/share/cartographer_ros//configuration_files/backpack_3d.lua
-- Up-to-date symlink: /home/agathe/Documents/york/fall2025/robotics/project_ros_ws/ydlidar_ros2_ws/install/cartographer_ros/share/cartographer_ros//configuration_files/backpack_3d_localization.lua
-- Up-to-date symlink: /home/agathe/Documents/york/fall2025/robotics/project_ros_ws/ydlidar_ros2_ws/install/cartographer_ros/share/cartographer_ros//configuration_files/demo_2d.rviz
-- Up-to-date symlink: /home/agathe/Documents/york/fall2025/robotics/project_ros_ws/ydlidar_ros2_ws/install/cartographer_ros/share/cartographer_ros//configuration_files/demo_3d.rviz
-- Up-to-date symlink: /home/agathe/Documents/york/fall2025/robotics/project_ros_ws/ydlidar_ros2_ws/install/cartographer_ros/share/cartographer_ros//configuration_files/mir-100-mapping.lua
-- Up-to-date symlink: /home/agathe/Documents/york/fall2025/robotics/project_ros_ws/ydlidar_ros2_ws/install/cartographer_ros/share/cartographer_ros//configuration_files/pr2.lua
-- Up-to-date symlink: /home/agathe/Documents/york/fall2025/robotics/project_ros_ws/ydlidar_ros2_ws/install/cartographer_ros/share/cartographer_ros//configuration_files/revo_lds.lua
-- Up-to-date symlink: /home/agathe/Documents/york/fall2025/robotics/project_ros_ws/ydlidar_ros2_ws/install/cartographer_ros/share/cartographer_ros//configuration_files/taurob_tracker.lua
-- Up-to-date symlink: /home/agathe/Documents/york/fall2025/robotics/project_ros_ws/ydlidar_ros2_ws/install/cartographer_ros/share/cartographer_ros//configuration_files/transform.lua
-- Up-to-date symlink: /home/agathe/Documents/york/fall2025/robotics/project_ros_ws/ydlidar_ros2_ws/install/cartographer_ros/share/cartographer_ros//configuration_files/two_lidars.lua
-- Up-to-date symlink: /home/agathe/Documents/york/fall2025/robotics/project_ros_ws/ydlidar_ros2_ws/install/cartographer_ros/share/cartographer_ros//configuration_files/visualize_pbstream.lua
-- Up-to-date symlink: /home/agathe/Documents/york/fall2025/robotics/project_ros_ws/ydlidar_ros2_ws/install/cartographer_ros/share/cartographer_ros//urdf/backpack_2d.urdf
-- Up-to-date symlink: /home/agathe/Documents/york/fall2025/robotics/project_ros_ws/ydlidar_ros2_ws/install/cartographer_ros/share/cartographer_ros//urdf/backpack_3d.urdf
-- Up-to-date symlink: /home/agathe/Documents/york/fall2025/robotics/project_ros_ws/ydlidar_ros2_ws/install/cartographer_ros/share/cartographer_ros//urdf/mir-100.urdf
-- Up-to-date symlink: /home/agathe/Documents/york/fall2025/robotics/project_ros_ws/ydlidar_ros2_ws/install/cartographer_ros/share/cartographer_ros//launch/assets_writer_backpack_2d.launch.py
-- Up-to-date symlink: /home/agathe/Documents/york/fall2025/robotics/project_ros_ws/ydlidar_ros2_ws/install/cartographer_ros/share/cartographer_ros//launch/assets_writer_backpack_3d.launch.py
-- Up-to-date symlink: /home/agathe/Documents/york/fall2025/robotics/project_ros_ws/ydlidar_ros2_ws/install/cartographer_ros/share/cartographer_ros//launch/assets_writer_ros_map.launch.py
-- Up-to-date symlink: /home/agathe/Documents/york/fall2025/robotics/project_ros_ws/ydlidar_ros2_ws/install/cartographer_ros/share/cartographer_ros//launch/backpack_2d.launch.py
-- Up-to-date symlink: /home/agathe/Documents/york/fall2025/robotics/project_ros_ws/ydlidar_ros2_ws/install/cartographer_ros/share/cartographer_ros//launch/backpack_3d.launch.py
-- Up-to-date symlink: /home/agathe/Documents/york/fall2025/robotics/project_ros_ws/ydlidar_ros2_ws/install/cartographer_ros/share/cartographer_ros//launch/demo_backpack_2d.launch.py
-- Up-to-date symlink: /home/agathe/Documents/york/fall2025/robotics/project_ros_ws/ydlidar_ros2_ws/install/cartographer_ros/share/cartographer_ros//launch/demo_backpack_2d_localization.launch.py
-- Up-to-date symlink: /home/agathe/Documents/york/fall2025/robotics/project_ros_ws/ydlidar_ros2_ws/install/cartographer_ros/share/cartographer_ros//launch/demo_backpack_3d.launch (copy).py
-- Up-to-date symlink: /home/agathe/Documents/york/fall2025/robotics/project_ros_ws/ydlidar_ros2_ws/install/cartographer_ros/share/cartographer_ros//launch/demo_backpack_3d.launch.py
-- Up-to-date symlink: /home/agathe/Documents/york/fall2025/robotics/project_ros_ws/ydlidar_ros2_ws/install/cartographer_ros/share/cartographer_ros//launch/demo_backpack_3d_localization.launch.py
-- Up-to-date symlink: /home/agathe/Documents/york/fall2025/robotics/project_ros_ws/ydlidar_ros2_ws/install/cartographer_ros/share/cartographer_ros//launch/demo_pr2.launch
-- Up-to-date symlink: /home/agathe/Documents/york/fall2025/robotics/project_ros_ws/ydlidar_ros2_ws/install/cartographer_ros/share/cartographer_ros//launch/demo_revo_lds.launch.py
-- Up-to-date symlink: /home/agathe/Documents/york/fall2025/robotics/project_ros_ws/ydlidar_ros2_ws/install/cartographer_ros/share/cartographer_ros//launch/demo_taurob_tracker.launch.py
-- Up-to-date symlink: /home/agathe/Documents/york/fall2025/robotics/project_ros_ws/ydlidar_ros2_ws/install/cartographer_ros/share/cartographer_ros//launch/grpc_demo_backpack_2d.launch
-- Up-to-date symlink: /home/agathe/Documents/york/fall2025/robotics/project_ros_ws/ydlidar_ros2_ws/install/cartographer_ros/share/cartographer_ros//launch/grpc_demo_backpack_2d_localization.launch
-- Up-to-date symlink: /home/agathe/Documents/york/fall2025/robotics/project_ros_ws/ydlidar_ros2_ws/install/cartographer_ros/share/cartographer_ros//launch/offline_backpack_2d.launch.py
-- Up-to-date symlink: /home/agathe/Documents/york/fall2025/robotics/project_ros_ws/ydlidar_ros2_ws/install/cartographer_ros/share/cartographer_ros//launch/offline_backpack_3d.launch.py
-- Up-to-date symlink: /home/agathe/Documents/york/fall2025/robotics/project_ros_ws/ydlidar_ros2_ws/install/cartographer_ros/share/cartographer_ros//launch/offline_mir_100_rviz.launch.py
-- Up-to-date symlink: /home/agathe/Documents/york/fall2025/robotics/project_ros_ws/ydlidar_ros2_ws/install/cartographer_ros/share/cartographer_ros//launch/offline_node.launch.py
-- Up-to-date symlink: /home/agathe/Documents/york/fall2025/robotics/project_ros_ws/ydlidar_ros2_ws/install/cartographer_ros/share/cartographer_ros//launch/taurob_tracker.launch.py
-- Up-to-date symlink: /home/agathe/Documents/york/fall2025/robotics/project_ros_ws/ydlidar_ros2_ws/install/cartographer_ros/share/cartographer_ros//launch/two_lidar.launch.py
-- Up-to-date symlink: /home/agathe/Documents/york/fall2025/robotics/project_ros_ws/ydlidar_ros2_ws/install/cartographer_ros/share/cartographer_ros//launch/visualize_pbstream.launch.py
-- Up-to-date symlink: /home/agathe/Documents/york/fall2025/robotics/project_ros_ws/ydlidar_ros2_ws/install/cartographer_ros/share/cartographer_ros/environment/library_path.sh
-- Up-to-date symlink: /home/agathe/Documents/york/fall2025/robotics/project_ros_ws/ydlidar_ros2_ws/install/cartographer_ros/share/cartographer_ros/environment/library_path.dsv
-- Up-to-date symlink: /home/agathe/Documents/york/fall2025/robotics/project_ros_ws/ydlidar_ros2_ws/install/cartographer_ros/share/ament_index/resource_index/package_run_dependencies/cartographer_ros
-- Up-to-date symlink: /home/agathe/Documents/york/fall2025/robotics/project_ros_ws/ydlidar_ros2_ws/install/cartographer_ros/share/ament_index/resource_index/parent_prefix_path/cartographer_ros
-- Up-to-date symlink: /home/agathe/Documents/york/fall2025/robotics/project_ros_ws/ydlidar_ros2_ws/install/cartographer_ros/share/cartographer_ros/environment/ament_prefix_path.sh
-- Up-to-date symlink: /home/agathe/Documents/york/fall2025/robotics/project_ros_ws/ydlidar_ros2_ws/install/cartographer_ros/share/cartographer_ros/environment/ament_prefix_path.dsv
-- Up-to-date symlink: /home/agathe/Documents/york/fall2025/robotics/project_ros_ws/ydlidar_ros2_ws/install/cartographer_ros/share/cartographer_ros/environment/path.sh
-- Up-to-date symlink: /home/agathe/Documents/york/fall2025/robotics/project_ros_ws/ydlidar_ros2_ws/install/cartographer_ros/share/cartographer_ros/environment/path.dsv
-- Up-to-date symlink: /home/agathe/Documents/york/fall2025/robotics/project_ros_ws/ydlidar_ros2_ws/install/cartographer_ros/share/cartographer_ros/local_setup.bash
-- Up-to-date symlink: /home/agathe/Documents/york/fall2025/robotics/project_ros_ws/ydlidar_ros2_ws/install/cartographer_ros/share/cartographer_ros/local_setup.sh
-- Up-to-date symlink: /home/agathe/Documents/york/fall2025/robotics/project_ros_ws/ydlidar_ros2_ws/install/cartographer_ros/share/cartographer_ros/local_setup.zsh
-- Up-to-date symlink: /home/agathe/Documents/york/fall2025/robotics/project_ros_ws/ydlidar_ros2_ws/install/cartographer_ros/share/cartographer_ros/local_setup.dsv
-- Symlinking: /home/agathe/Documents/york/fall2025/robotics/project_ros_ws/ydlidar_ros2_ws/install/cartographer_ros/share/cartographer_ros/package.dsv
-- Up-to-date symlink: /home/agathe/Documents/york/fall2025/robotics/project_ros_ws/ydlidar_ros2_ws/install/cartographer_ros/share/ament_index/resource_index/packages/cartographer_ros
-- Up-to-date symlink: /home/agathe/Documents/york/fall2025/robotics/project_ros_ws/ydlidar_ros2_ws/install/cartographer_ros/share/cartographer_ros/cmake/ament_cmake_export_targets-extras.cmake
-- Up-to-date symlink: /home/agathe/Documents/york/fall2025/robotics/project_ros_ws/ydlidar_ros2_ws/install/cartographer_ros/share/cartographer_ros/cmake/ament_cmake_export_include_directories-extras.cmake
-- Up-to-date symlink: /home/agathe/Documents/york/fall2025/robotics/project_ros_ws/ydlidar_ros2_ws/install/cartographer_ros/share/cartographer_ros/cmake/ament_cmake_export_libraries-extras.cmake
-- Up-to-date symlink: /home/agathe/Documents/york/fall2025/robotics/project_ros_ws/ydlidar_ros2_ws/install/cartographer_ros/share/cartographer_ros/cmake/ament_cmake_export_dependencies-extras.cmake
-- Up-to-date symlink: /home/agathe/Documents/york/fall2025/robotics/project_ros_ws/ydlidar_ros2_ws/install/cartographer_ros/share/cartographer_ros/cmake/cartographer_rosConfig.cmake
-- Up-to-date symlink: /home/agathe/Documents/york/fall2025/robotics/project_ros_ws/ydlidar_ros2_ws/install/cartographer_ros/share/cartographer_ros/cmake/cartographer_rosConfig-version.cmake
-- Up-to-date symlink: /home/agathe/Documents/york/fall2025/robotics/project_ros_ws/ydlidar_ros2_ws/install/cartographer_ros/share/cartographer_ros/package.xml
-- Installing: /home/agathe/Documents/york/fall2025/robotics/project_ros_ws/ydlidar_ros2_ws/install/cartographer_ros/lib/libcartographer_ros.so
-- Set non-toolchain portion of runtime path of "/home/agathe/Documents/york/fall2025/robotics/project_ros_ws/ydlidar_ros2_ws/install/cartographer_ros/lib/libcartographer_ros.so" to ""
-- Up-to-date: /home/agathe/Documents/york/fall2025/robotics/project_ros_ws/ydlidar_ros2_ws/install/cartographer_ros/share/cartographer_ros/cmake/cartographer_rosExport.cmake
-- Up-to-date: /home/agathe/Documents/york/fall2025/robotics/project_ros_ws/ydlidar_ros2_ws/install/cartographer_ros/share/cartographer_ros/cmake/cartographer_rosExport-noconfig.cmake
